2020-06-17 22:54:28,343 INFO com.bootspringrest.example.FlightApplication [restartedMain] Started FlightApplication in 11.124 seconds (JVM running for 12.253)
2020-06-17 22:54:33,646 INFO com.bootspringrest.example.controller.FlightController [http-nio-8081-exec-1] Someone tried to access the list of all flights!
2020-06-17 22:54:33,893 INFO com.bootspringrest.example.controller.FlightController [http-nio-8081-exec-1] Flight information is successfully sent!
2020-06-17 22:54:44,791 INFO com.bootspringrest.example.controller.FlightController [http-nio-8081-exec-3] Someone tried to access the details of flight with id=2
2020-06-17 22:54:44,792 INFO com.bootspringrest.example.controller.FlightController [http-nio-8081-exec-3] Flight info is successfully returned!
2020-06-17 22:54:48,457 INFO com.bootspringrest.example.controller.FlightController [http-nio-8081-exec-4] Someone tried to access the details of all fflights with type D
2020-06-17 22:54:48,484 INFO com.bootspringrest.example.controller.FlightController [http-nio-8081-exec-4] Flight info is successfully returned!
2020-06-17 22:54:51,438 INFO com.bootspringrest.example.controller.FlightController [http-nio-8081-exec-5] Someone tried to access the list of all flights going from HYD toMUM
2020-06-17 22:54:51,440 INFO com.bootspringrest.example.controller.FlightController [http-nio-8081-exec-5] Flight info is successfully returned!
2020-06-17 22:54:55,407 INFO com.bootspringrest.example.controller.FlightController [http-nio-8081-exec-6] Someone tried to access the details of all flights arriving to MUM
2020-06-17 22:54:55,408 INFO com.bootspringrest.example.controller.FlightController [http-nio-8081-exec-6] Flight info is successfully returned!
2020-06-17 22:54:58,814 INFO com.bootspringrest.example.controller.FlightController [http-nio-8081-exec-7] Someone tried to access the details of all flights departing from HYD
2020-06-17 22:54:58,836 INFO com.bootspringrest.example.controller.FlightController [http-nio-8081-exec-7] Flight info is successfully returned!
2020-06-17 22:55:12,859 INFO com.bootspringrest.example.controller.FlightController [http-nio-8081-exec-8] Someone tried to access the details of flight with id=1000
2020-06-17 22:55:12,860 WARN com.bootspringrest.example.controller.FlightController [http-nio-8081-exec-8] there's no flight present with the required id!
2020-06-17 22:55:12,872 ERROR org.apache.catalina.core.ContainerBase.[Tomcat].[localhost].[/].[dispatcherServlet] [http-nio-8081-exec-8] Servlet.service() for servlet [dispatcherServlet] in context with path [] threw exception [Request processing failed; nested exception is java.lang.RuntimeException: There is no flight available with the given id] with root cause
java.lang.RuntimeException: There is no flight available with the given id
	at com.bootspringrest.example.controller.FlightController.getFlightsById(FlightController.java:92)
	at sun.reflect.NativeMethodAccessorImpl.invoke0(Native Method)
	at sun.reflect.NativeMethodAccessorImpl.invoke(NativeMethodAccessorImpl.java:62)
	at sun.reflect.DelegatingMethodAccessorImpl.invoke(DelegatingMethodAccessorImpl.java:43)
	at java.lang.reflect.Method.invoke(Method.java:498)
	at org.springframework.web.method.support.InvocableHandlerMethod.doInvoke(InvocableHandlerMethod.java:205)
	at org.springframework.web.method.support.InvocableHandlerMethod.invokeForRequest(InvocableHandlerMethod.java:133)
	at org.springframework.web.servlet.mvc.method.annotation.ServletInvocableHandlerMethod.invokeAndHandle(ServletInvocableHandlerMethod.java:97)
	at org.springframework.web.servlet.mvc.method.annotation.RequestMappingHandlerAdapter.invokeHandlerMethod(RequestMappingHandlerAdapter.java:827)
	at org.springframework.web.servlet.mvc.method.annotation.RequestMappingHandlerAdapter.handleInternal(RequestMappingHandlerAdapter.java:738)
	at org.springframework.web.servlet.mvc.method.AbstractHandlerMethodAdapter.handle(AbstractHandlerMethodAdapter.java:85)
	at org.springframework.web.servlet.DispatcherServlet.doDispatch(DispatcherServlet.java:967)
	at org.springframework.web.servlet.DispatcherServlet.doService(DispatcherServlet.java:901)
	at org.springframework.web.servlet.FrameworkServlet.processRequest(FrameworkServlet.java:970)
	at org.springframework.web.servlet.FrameworkServlet.doGet(FrameworkServlet.java:861)
	at javax.servlet.http.HttpServlet.service(HttpServlet.java:635)
	at org.springframework.web.servlet.FrameworkServlet.service(FrameworkServlet.java:846)
	at javax.servlet.http.HttpServlet.service(HttpServlet.java:742)
	at org.apache.catalina.core.ApplicationFilterChain.internalDoFilter(ApplicationFilterChain.java:231)
	at org.apache.catalina.core.ApplicationFilterChain.doFilter(ApplicationFilterChain.java:166)
	at org.apache.tomcat.websocket.server.WsFilter.doFilter(WsFilter.java:52)
	at org.apache.catalina.core.ApplicationFilterChain.internalDoFilter(ApplicationFilterChain.java:193)
	at org.apache.catalina.core.ApplicationFilterChain.doFilter(ApplicationFilterChain.java:166)
	at org.springframework.web.filter.RequestContextFilter.doFilterInternal(RequestContextFilter.java:99)
	at org.springframework.web.filter.OncePerRequestFilter.doFilter(OncePerRequestFilter.java:107)
	at org.apache.catalina.core.ApplicationFilterChain.internalDoFilter(ApplicationFilterChain.java:193)
	at org.apache.catalina.core.ApplicationFilterChain.doFilter(ApplicationFilterChain.java:166)
	at org.springframework.web.filter.HttpPutFormContentFilter.doFilterInternal(HttpPutFormContentFilter.java:105)
	at org.springframework.web.filter.OncePerRequestFilter.doFilter(OncePerRequestFilter.java:107)
	at org.apache.catalina.core.ApplicationFilterChain.internalDoFilter(ApplicationFilterChain.java:193)
	at org.apache.catalina.core.ApplicationFilterChain.doFilter(ApplicationFilterChain.java:166)
	at org.springframework.web.filter.HiddenHttpMethodFilter.doFilterInternal(HiddenHttpMethodFilter.java:81)
	at org.springframework.web.filter.OncePerRequestFilter.doFilter(OncePerRequestFilter.java:107)
	at org.apache.catalina.core.ApplicationFilterChain.internalDoFilter(ApplicationFilterChain.java:193)
	at org.apache.catalina.core.ApplicationFilterChain.doFilter(ApplicationFilterChain.java:166)
	at org.springframework.web.filter.CharacterEncodingFilter.doFilterInternal(CharacterEncodingFilter.java:197)
	at org.springframework.web.filter.OncePerRequestFilter.doFilter(OncePerRequestFilter.java:107)
	at org.apache.catalina.core.ApplicationFilterChain.internalDoFilter(ApplicationFilterChain.java:193)
	at org.apache.catalina.core.ApplicationFilterChain.doFilter(ApplicationFilterChain.java:166)
	at org.apache.catalina.core.StandardWrapperValve.invoke(StandardWrapperValve.java:198)
	at org.apache.catalina.core.StandardContextValve.invoke(StandardContextValve.java:96)
	at org.apache.catalina.authenticator.AuthenticatorBase.invoke(AuthenticatorBase.java:478)
	at org.apache.catalina.core.StandardHostValve.invoke(StandardHostValve.java:140)
	at org.apache.catalina.valves.ErrorReportValve.invoke(ErrorReportValve.java:80)
	at org.apache.catalina.core.StandardEngineValve.invoke(StandardEngineValve.java:87)
	at org.apache.catalina.connector.CoyoteAdapter.service(CoyoteAdapter.java:342)
	at org.apache.coyote.http11.Http11Processor.service(Http11Processor.java:799)
	at org.apache.coyote.AbstractProcessorLight.process(AbstractProcessorLight.java:66)
	at org.apache.coyote.AbstractProtocol$ConnectionHandler.process(AbstractProtocol.java:861)
	at org.apache.tomcat.util.net.NioEndpoint$SocketProcessor.doRun(NioEndpoint.java:1455)
	at org.apache.tomcat.util.net.SocketProcessorBase.run(SocketProcessorBase.java:49)
	at java.util.concurrent.ThreadPoolExecutor.runWorker(ThreadPoolExecutor.java:1149)
	at java.util.concurrent.ThreadPoolExecutor$Worker.run(ThreadPoolExecutor.java:624)
	at org.apache.tomcat.util.threads.TaskThread$WrappingRunnable.run(TaskThread.java:61)
	at java.lang.Thread.run(Thread.java:748)
2020-06-17 22:55:36,357 INFO com.bootspringrest.example.controller.FlightController [http-nio-8081-exec-10] Someone tried to add a list of new flights to the database!
2020-06-17 22:55:36,518 INFO com.bootspringrest.example.controller.FlightController [http-nio-8081-exec-10] The given flights are successfully added
2020-06-17 22:55:46,904 INFO com.bootspringrest.example.controller.FlightController [http-nio-8081-exec-2] Someone tried to access the list of all flights!
2020-06-17 22:55:46,919 INFO com.bootspringrest.example.controller.FlightController [http-nio-8081-exec-2] Flight information is successfully sent!
2020-06-17 22:55:59,532 INFO com.bootspringrest.example.controller.FlightController [http-nio-8081-exec-1] Someone tried to add a new flight to the database!
2020-06-17 22:55:59,558 INFO com.bootspringrest.example.controller.FlightController [http-nio-8081-exec-1] A new flight with id 47 has been added successfully!
2020-06-17 22:56:14,239 INFO com.bootspringrest.example.controller.FlightController [http-nio-8081-exec-3] Someone tried to access the list of all flights!
2020-06-17 22:56:14,252 INFO com.bootspringrest.example.controller.FlightController [http-nio-8081-exec-3] Flight information is successfully sent!
2020-06-17 22:56:24,060 INFO com.bootspringrest.example.controller.FlightController [http-nio-8081-exec-4] Someone tried to update the arrival time of flight with id=45
2020-06-17 22:56:24,077 INFO com.bootspringrest.example.controller.FlightController [http-nio-8081-exec-4] Flight details are successfully updated!
2020-06-17 22:56:26,957 INFO com.bootspringrest.example.controller.FlightController [http-nio-8081-exec-5] Someone tried to access the list of all flights!
2020-06-17 22:56:26,971 INFO com.bootspringrest.example.controller.FlightController [http-nio-8081-exec-5] Flight information is successfully sent!
2020-06-17 22:56:37,988 INFO com.bootspringrest.example.controller.FlightController [http-nio-8081-exec-6] Someone tried to update the departure time of flight with id=45
2020-06-17 22:56:38,003 INFO com.bootspringrest.example.controller.FlightController [http-nio-8081-exec-6] Flight details are successfully updated!
2020-06-17 22:56:41,682 INFO com.bootspringrest.example.controller.FlightController [http-nio-8081-exec-7] Someone tried to access the list of all flights!
2020-06-17 22:56:41,696 INFO com.bootspringrest.example.controller.FlightController [http-nio-8081-exec-7] Flight information is successfully sent!
2020-06-17 22:56:49,950 INFO com.bootspringrest.example.controller.FlightController [http-nio-8081-exec-8] Someone tried to update the arrival airport of flight with id=45
2020-06-17 22:56:49,963 INFO com.bootspringrest.example.controller.FlightController [http-nio-8081-exec-8] Flight details are successfully updated!
2020-06-17 22:57:05,244 INFO com.bootspringrest.example.controller.FlightController [http-nio-8081-exec-9] Someone tried to access the list of all flights!
2020-06-17 22:57:05,256 INFO com.bootspringrest.example.controller.FlightController [http-nio-8081-exec-9] Flight information is successfully sent!
2020-06-17 22:57:14,503 INFO com.bootspringrest.example.controller.FlightController [http-nio-8081-exec-10] Someone tried to update the departure airport of flight with id=45
2020-06-17 22:57:14,518 INFO com.bootspringrest.example.controller.FlightController [http-nio-8081-exec-10] Flight details are successfully updated!
2020-06-17 22:57:23,162 INFO com.bootspringrest.example.controller.FlightController [http-nio-8081-exec-2] Someone tried to access the details of flight with id=45
2020-06-17 22:57:23,163 INFO com.bootspringrest.example.controller.FlightController [http-nio-8081-exec-2] Flight info is successfully returned!
2020-06-17 22:57:30,136 INFO com.bootspringrest.example.controller.FlightController [http-nio-8081-exec-1] Someone tried to update the price of flight with id=45
2020-06-17 22:57:30,149 INFO com.bootspringrest.example.controller.FlightController [http-nio-8081-exec-1] Flight details are successfully updated!
2020-06-17 22:57:35,614 INFO com.bootspringrest.example.controller.FlightController [http-nio-8081-exec-3] Someone tried to access the details of flight with id=45
2020-06-17 22:57:35,615 INFO com.bootspringrest.example.controller.FlightController [http-nio-8081-exec-3] Flight info is successfully returned!
2020-06-17 22:57:45,169 INFO com.bootspringrest.example.controller.FlightController [http-nio-8081-exec-4] Someone tried to delete the flight with id=45
2020-06-17 22:57:45,213 INFO com.bootspringrest.example.controller.FlightController [http-nio-8081-exec-4] The requested flight is successfully deleted!
2020-06-17 22:57:50,111 INFO com.bootspringrest.example.controller.FlightController [http-nio-8081-exec-5] Someone tried to access the details of flight with id=45
2020-06-17 22:57:50,112 WARN com.bootspringrest.example.controller.FlightController [http-nio-8081-exec-5] there's no flight present with the required id!
2020-06-17 22:57:50,114 ERROR org.apache.catalina.core.ContainerBase.[Tomcat].[localhost].[/].[dispatcherServlet] [http-nio-8081-exec-5] Servlet.service() for servlet [dispatcherServlet] in context with path [] threw exception [Request processing failed; nested exception is java.lang.RuntimeException: There is no flight available with the given id] with root cause
java.lang.RuntimeException: There is no flight available with the given id
	at com.bootspringrest.example.controller.FlightController.getFlightsById(FlightController.java:92)
	at sun.reflect.NativeMethodAccessorImpl.invoke0(Native Method)
	at sun.reflect.NativeMethodAccessorImpl.invoke(NativeMethodAccessorImpl.java:62)
	at sun.reflect.DelegatingMethodAccessorImpl.invoke(DelegatingMethodAccessorImpl.java:43)
	at java.lang.reflect.Method.invoke(Method.java:498)
	at org.springframework.web.method.support.InvocableHandlerMethod.doInvoke(InvocableHandlerMethod.java:205)
	at org.springframework.web.method.support.InvocableHandlerMethod.invokeForRequest(InvocableHandlerMethod.java:133)
	at org.springframework.web.servlet.mvc.method.annotation.ServletInvocableHandlerMethod.invokeAndHandle(ServletInvocableHandlerMethod.java:97)
	at org.springframework.web.servlet.mvc.method.annotation.RequestMappingHandlerAdapter.invokeHandlerMethod(RequestMappingHandlerAdapter.java:827)
	at org.springframework.web.servlet.mvc.method.annotation.RequestMappingHandlerAdapter.handleInternal(RequestMappingHandlerAdapter.java:738)
	at org.springframework.web.servlet.mvc.method.AbstractHandlerMethodAdapter.handle(AbstractHandlerMethodAdapter.java:85)
	at org.springframework.web.servlet.DispatcherServlet.doDispatch(DispatcherServlet.java:967)
	at org.springframework.web.servlet.DispatcherServlet.doService(DispatcherServlet.java:901)
	at org.springframework.web.servlet.FrameworkServlet.processRequest(FrameworkServlet.java:970)
	at org.springframework.web.servlet.FrameworkServlet.doGet(FrameworkServlet.java:861)
	at javax.servlet.http.HttpServlet.service(HttpServlet.java:635)
	at org.springframework.web.servlet.FrameworkServlet.service(FrameworkServlet.java:846)
	at javax.servlet.http.HttpServlet.service(HttpServlet.java:742)
	at org.apache.catalina.core.ApplicationFilterChain.internalDoFilter(ApplicationFilterChain.java:231)
	at org.apache.catalina.core.ApplicationFilterChain.doFilter(ApplicationFilterChain.java:166)
	at org.apache.tomcat.websocket.server.WsFilter.doFilter(WsFilter.java:52)
	at org.apache.catalina.core.ApplicationFilterChain.internalDoFilter(ApplicationFilterChain.java:193)
	at org.apache.catalina.core.ApplicationFilterChain.doFilter(ApplicationFilterChain.java:166)
	at org.springframework.web.filter.RequestContextFilter.doFilterInternal(RequestContextFilter.java:99)
	at org.springframework.web.filter.OncePerRequestFilter.doFilter(OncePerRequestFilter.java:107)
	at org.apache.catalina.core.ApplicationFilterChain.internalDoFilter(ApplicationFilterChain.java:193)
	at org.apache.catalina.core.ApplicationFilterChain.doFilter(ApplicationFilterChain.java:166)
	at org.springframework.web.filter.HttpPutFormContentFilter.doFilterInternal(HttpPutFormContentFilter.java:105)
	at org.springframework.web.filter.OncePerRequestFilter.doFilter(OncePerRequestFilter.java:107)
	at org.apache.catalina.core.ApplicationFilterChain.internalDoFilter(ApplicationFilterChain.java:193)
	at org.apache.catalina.core.ApplicationFilterChain.doFilter(ApplicationFilterChain.java:166)
	at org.springframework.web.filter.HiddenHttpMethodFilter.doFilterInternal(HiddenHttpMethodFilter.java:81)
	at org.springframework.web.filter.OncePerRequestFilter.doFilter(OncePerRequestFilter.java:107)
	at org.apache.catalina.core.ApplicationFilterChain.internalDoFilter(ApplicationFilterChain.java:193)
	at org.apache.catalina.core.ApplicationFilterChain.doFilter(ApplicationFilterChain.java:166)
	at org.springframework.web.filter.CharacterEncodingFilter.doFilterInternal(CharacterEncodingFilter.java:197)
	at org.springframework.web.filter.OncePerRequestFilter.doFilter(OncePerRequestFilter.java:107)
	at org.apache.catalina.core.ApplicationFilterChain.internalDoFilter(ApplicationFilterChain.java:193)
	at org.apache.catalina.core.ApplicationFilterChain.doFilter(ApplicationFilterChain.java:166)
	at org.apache.catalina.core.StandardWrapperValve.invoke(StandardWrapperValve.java:198)
	at org.apache.catalina.core.StandardContextValve.invoke(StandardContextValve.java:96)
	at org.apache.catalina.authenticator.AuthenticatorBase.invoke(AuthenticatorBase.java:478)
	at org.apache.catalina.core.StandardHostValve.invoke(StandardHostValve.java:140)
	at org.apache.catalina.valves.ErrorReportValve.invoke(ErrorReportValve.java:80)
	at org.apache.catalina.core.StandardEngineValve.invoke(StandardEngineValve.java:87)
	at org.apache.catalina.connector.CoyoteAdapter.service(CoyoteAdapter.java:342)
	at org.apache.coyote.http11.Http11Processor.service(Http11Processor.java:799)
	at org.apache.coyote.AbstractProcessorLight.process(AbstractProcessorLight.java:66)
	at org.apache.coyote.AbstractProtocol$ConnectionHandler.process(AbstractProtocol.java:861)
	at org.apache.tomcat.util.net.NioEndpoint$SocketProcessor.doRun(NioEndpoint.java:1455)
	at org.apache.tomcat.util.net.SocketProcessorBase.run(SocketProcessorBase.java:49)
	at java.util.concurrent.ThreadPoolExecutor.runWorker(ThreadPoolExecutor.java:1149)
	at java.util.concurrent.ThreadPoolExecutor$Worker.run(ThreadPoolExecutor.java:624)
	at org.apache.tomcat.util.threads.TaskThread$WrappingRunnable.run(TaskThread.java:61)
	at java.lang.Thread.run(Thread.java:748)
2020-06-17 23:03:30,023 INFO com.bootspringrest.example.FlightApplication [restartedMain] Starting FlightApplication on DESKTOP-RG42U6K with PID 8828 (C:\Users\pokas\workspace\SpringBoot-REST-API-master\target\classes started by pokas in C:\Users\pokas\workspace\SpringBoot-REST-API-master)
2020-06-17 23:03:30,023 DEBUG com.bootspringrest.example.FlightApplication [restartedMain] Running with Spring Boot v1.5.4.RELEASE, Spring v4.3.9.RELEASE
2020-06-17 23:03:30,025 INFO com.bootspringrest.example.FlightApplication [restartedMain] No active profile set, falling back to default profiles: default
2020-06-17 23:03:32,890 INFO com.bootspringrest.example.FlightApplication [restartedMain] Started FlightApplication in 3.054 seconds (JVM running for 556.799)
2020-06-17 23:03:34,997 INFO com.bootspringrest.example.FlightApplication [restartedMain] Starting FlightApplication on DESKTOP-RG42U6K with PID 8828 (C:\Users\pokas\workspace\SpringBoot-REST-API-master\target\classes started by pokas in C:\Users\pokas\workspace\SpringBoot-REST-API-master)
2020-06-17 23:03:34,998 DEBUG com.bootspringrest.example.FlightApplication [restartedMain] Running with Spring Boot v1.5.4.RELEASE, Spring v4.3.9.RELEASE
2020-06-17 23:03:34,998 INFO com.bootspringrest.example.FlightApplication [restartedMain] No active profile set, falling back to default profiles: default
2020-06-17 23:03:36,641 INFO com.bootspringrest.example.FlightApplication [restartedMain] Started FlightApplication in 1.722 seconds (JVM running for 560.551)
2020-06-17 23:25:58,584 INFO com.bootspringrest.example.FlightApplication [restartedMain] Starting FlightApplication on DESKTOP-RG42U6K with PID 9420 (C:\Users\pokas\workspace\SpringBoot-REST-API-master\target\classes started by pokas in C:\Users\pokas\workspace\SpringBoot-REST-API-master)
2020-06-17 23:25:58,586 DEBUG com.bootspringrest.example.FlightApplication [restartedMain] Running with Spring Boot v1.5.4.RELEASE, Spring v4.3.9.RELEASE
2020-06-17 23:25:58,586 INFO com.bootspringrest.example.FlightApplication [restartedMain] No active profile set, falling back to default profiles: default
2020-06-17 23:26:03,667 INFO com.bootspringrest.example.FlightApplication [restartedMain] Started FlightApplication in 5.278 seconds (JVM running for 5.782)
2020-06-17 23:26:58,479 INFO com.bootspringrest.example.controller.FlightController [http-nio-8081-exec-1] Someone tried to access the list of all flights!
2020-06-17 23:26:58,544 INFO com.bootspringrest.example.controller.FlightController [http-nio-8081-exec-1] Flight information is successfully sent!
2020-06-17 23:28:10,999 INFO com.bootspringrest.example.controller.FlightController [http-nio-8081-exec-4] Someone tried to access the list of all flights!
2020-06-17 23:28:11,004 INFO com.bootspringrest.example.controller.FlightController [http-nio-8081-exec-4] Flight information is successfully sent!
2020-06-17 23:28:15,639 INFO com.bootspringrest.example.controller.FlightController [http-nio-8081-exec-6] Someone tried to delete the flight with id=46
2020-06-17 23:28:15,675 INFO com.bootspringrest.example.controller.FlightController [http-nio-8081-exec-6] The requested flight is successfully deleted!
2020-06-17 23:28:17,535 INFO com.bootspringrest.example.controller.FlightController [http-nio-8081-exec-7] Someone tried to delete the flight with id=47
2020-06-17 23:28:17,554 INFO com.bootspringrest.example.controller.FlightController [http-nio-8081-exec-7] The requested flight is successfully deleted!
2020-06-17 23:28:20,002 INFO com.bootspringrest.example.controller.FlightController [http-nio-8081-exec-8] Someone tried to access the list of all flights!
2020-06-17 23:28:20,009 INFO com.bootspringrest.example.controller.FlightController [http-nio-8081-exec-8] Flight information is successfully sent!
