2020-06-16 22:48:27,756 INFO com.bootspringrest.example.FlightApplication [restartedMain] Starting FlightApplication on DESKTOP-RG42U6K with PID 10328 (C:\Users\pokas\workspace\SpringBoot-REST-API-master\target\classes started by pokas in C:\Users\pokas\workspace\SpringBoot-REST-API-master)
2020-06-16 22:48:27,757 DEBUG com.bootspringrest.example.FlightApplication [restartedMain] Running with Spring Boot v1.5.4.RELEASE, Spring v4.3.9.RELEASE
2020-06-16 22:48:27,758 INFO com.bootspringrest.example.FlightApplication [restartedMain] No active profile set, falling back to default profiles: default
2020-06-16 22:48:32,856 INFO com.bootspringrest.example.FlightApplication [restartedMain] Started FlightApplication in 5.291 seconds (JVM running for 5.798)
2020-06-16 22:48:44,310 INFO com.bootspringrest.example.controller.FlightController [http-nio-8081-exec-2] Someone tried to access the list of all flights!
2020-06-16 22:56:44,080 INFO com.bootspringrest.example.FlightApplication [restartedMain] Starting FlightApplication on DESKTOP-RG42U6K with PID 10328 (C:\Users\pokas\workspace\SpringBoot-REST-API-master\target\classes started by pokas in C:\Users\pokas\workspace\SpringBoot-REST-API-master)
2020-06-16 22:56:44,080 DEBUG com.bootspringrest.example.FlightApplication [restartedMain] Running with Spring Boot v1.5.4.RELEASE, Spring v4.3.9.RELEASE
2020-06-16 22:56:44,080 INFO com.bootspringrest.example.FlightApplication [restartedMain] No active profile set, falling back to default profiles: default
2020-06-16 22:56:45,303 INFO com.bootspringrest.example.FlightApplication [restartedMain] Started FlightApplication in 1.281 seconds (JVM running for 498.245)
2020-06-16 22:58:48,766 INFO com.bootspringrest.example.FlightApplication [restartedMain] Starting FlightApplication on DESKTOP-RG42U6K with PID 10328 (C:\Users\pokas\workspace\SpringBoot-REST-API-master\target\classes started by pokas in C:\Users\pokas\workspace\SpringBoot-REST-API-master)
2020-06-16 22:58:48,766 DEBUG com.bootspringrest.example.FlightApplication [restartedMain] Running with Spring Boot v1.5.4.RELEASE, Spring v4.3.9.RELEASE
2020-06-16 22:58:48,767 INFO com.bootspringrest.example.FlightApplication [restartedMain] No active profile set, falling back to default profiles: default
2020-06-16 22:58:49,759 INFO com.bootspringrest.example.FlightApplication [restartedMain] Started FlightApplication in 1.034 seconds (JVM running for 622.701)
2020-06-16 22:59:57,783 INFO com.bootspringrest.example.FlightApplication [restartedMain] Starting FlightApplication on DESKTOP-RG42U6K with PID 19440 (C:\Users\pokas\workspace\SpringBoot-REST-API-master\target\classes started by pokas in C:\Users\pokas\workspace\SpringBoot-REST-API-master)
2020-06-16 22:59:57,785 DEBUG com.bootspringrest.example.FlightApplication [restartedMain] Running with Spring Boot v1.5.4.RELEASE, Spring v4.3.9.RELEASE
2020-06-16 22:59:57,785 INFO com.bootspringrest.example.FlightApplication [restartedMain] No active profile set, falling back to default profiles: default
2020-06-16 23:00:02,747 INFO com.bootspringrest.example.FlightApplication [restartedMain] Started FlightApplication in 5.181 seconds (JVM running for 5.689)
2020-06-16 23:00:06,912 INFO com.bootspringrest.example.controller.FlightController [http-nio-8081-exec-2] Someone tried to access the list of all flights!
2020-06-16 23:00:06,982 INFO com.bootspringrest.example.controller.FlightController [http-nio-8081-exec-2] Flight information is successfully sent!
2020-06-16 23:02:32,041 INFO com.bootspringrest.example.controller.FlightController [http-nio-8081-exec-5] Someone tried to access the list of all flights!
2020-06-16 23:02:32,046 INFO com.bootspringrest.example.controller.FlightController [http-nio-8081-exec-5] Flight information is successfully sent!
2020-06-16 23:02:32,656 INFO com.bootspringrest.example.controller.FlightController [http-nio-8081-exec-6] Someone tried to access the list of all flights!
2020-06-16 23:02:32,662 INFO com.bootspringrest.example.controller.FlightController [http-nio-8081-exec-6] Flight information is successfully sent!
2020-06-16 23:02:33,170 INFO com.bootspringrest.example.controller.FlightController [http-nio-8081-exec-7] Someone tried to access the list of all flights!
2020-06-16 23:02:33,179 INFO com.bootspringrest.example.controller.FlightController [http-nio-8081-exec-7] Flight information is successfully sent!
2020-06-16 23:02:34,931 INFO com.bootspringrest.example.controller.FlightController [http-nio-8081-exec-8] Someone tried to access the list of all flights!
2020-06-16 23:02:34,935 INFO com.bootspringrest.example.controller.FlightController [http-nio-8081-exec-8] Flight information is successfully sent!
2020-06-16 23:02:35,489 INFO com.bootspringrest.example.controller.FlightController [http-nio-8081-exec-9] Someone tried to access the list of all flights!
2020-06-16 23:02:35,495 INFO com.bootspringrest.example.controller.FlightController [http-nio-8081-exec-9] Flight information is successfully sent!
2020-06-16 23:02:35,880 INFO com.bootspringrest.example.controller.FlightController [http-nio-8081-exec-10] Someone tried to access the list of all flights!
2020-06-16 23:02:35,884 INFO com.bootspringrest.example.controller.FlightController [http-nio-8081-exec-10] Flight information is successfully sent!
2020-06-16 23:02:36,438 INFO com.bootspringrest.example.controller.FlightController [http-nio-8081-exec-1] Someone tried to access the list of all flights!
2020-06-16 23:02:36,444 INFO com.bootspringrest.example.controller.FlightController [http-nio-8081-exec-1] Flight information is successfully sent!
2020-06-16 23:02:36,923 INFO com.bootspringrest.example.controller.FlightController [http-nio-8081-exec-2] Someone tried to access the list of all flights!
2020-06-16 23:02:36,928 INFO com.bootspringrest.example.controller.FlightController [http-nio-8081-exec-2] Flight information is successfully sent!
2020-06-16 23:02:37,283 INFO com.bootspringrest.example.controller.FlightController [http-nio-8081-exec-3] Someone tried to access the list of all flights!
2020-06-16 23:02:37,289 INFO com.bootspringrest.example.controller.FlightController [http-nio-8081-exec-3] Flight information is successfully sent!
2020-06-16 23:02:38,707 INFO com.bootspringrest.example.controller.FlightController [http-nio-8081-exec-4] Someone tried to access the list of all flights!
2020-06-16 23:02:38,712 INFO com.bootspringrest.example.controller.FlightController [http-nio-8081-exec-4] Flight information is successfully sent!
2020-06-16 23:02:39,251 INFO com.bootspringrest.example.controller.FlightController [http-nio-8081-exec-5] Someone tried to access the list of all flights!
2020-06-16 23:02:39,256 INFO com.bootspringrest.example.controller.FlightController [http-nio-8081-exec-5] Flight information is successfully sent!
2020-06-16 23:02:39,724 INFO com.bootspringrest.example.controller.FlightController [http-nio-8081-exec-6] Someone tried to access the list of all flights!
2020-06-16 23:02:39,728 INFO com.bootspringrest.example.controller.FlightController [http-nio-8081-exec-6] Flight information is successfully sent!
2020-06-16 23:02:40,212 INFO com.bootspringrest.example.controller.FlightController [http-nio-8081-exec-7] Someone tried to access the list of all flights!
2020-06-16 23:02:40,218 INFO com.bootspringrest.example.controller.FlightController [http-nio-8081-exec-7] Flight information is successfully sent!
2020-06-16 23:02:40,668 INFO com.bootspringrest.example.controller.FlightController [http-nio-8081-exec-8] Someone tried to access the list of all flights!
2020-06-16 23:02:40,672 INFO com.bootspringrest.example.controller.FlightController [http-nio-8081-exec-8] Flight information is successfully sent!
2020-06-16 23:02:41,083 INFO com.bootspringrest.example.controller.FlightController [http-nio-8081-exec-9] Someone tried to access the list of all flights!
2020-06-16 23:02:41,092 INFO com.bootspringrest.example.controller.FlightController [http-nio-8081-exec-9] Flight information is successfully sent!
2020-06-16 23:02:41,496 INFO com.bootspringrest.example.controller.FlightController [http-nio-8081-exec-10] Someone tried to access the list of all flights!
2020-06-16 23:02:41,501 INFO com.bootspringrest.example.controller.FlightController [http-nio-8081-exec-10] Flight information is successfully sent!
2020-06-16 23:02:41,933 INFO com.bootspringrest.example.controller.FlightController [http-nio-8081-exec-1] Someone tried to access the list of all flights!
2020-06-16 23:02:41,937 INFO com.bootspringrest.example.controller.FlightController [http-nio-8081-exec-1] Flight information is successfully sent!
2020-06-16 23:02:42,302 INFO com.bootspringrest.example.controller.FlightController [http-nio-8081-exec-2] Someone tried to access the list of all flights!
2020-06-16 23:02:42,306 INFO com.bootspringrest.example.controller.FlightController [http-nio-8081-exec-2] Flight information is successfully sent!
2020-06-16 23:02:42,633 INFO com.bootspringrest.example.controller.FlightController [http-nio-8081-exec-3] Someone tried to access the list of all flights!
2020-06-16 23:02:42,637 INFO com.bootspringrest.example.controller.FlightController [http-nio-8081-exec-3] Flight information is successfully sent!
2020-06-16 23:02:43,031 INFO com.bootspringrest.example.controller.FlightController [http-nio-8081-exec-4] Someone tried to access the list of all flights!
2020-06-16 23:02:43,036 INFO com.bootspringrest.example.controller.FlightController [http-nio-8081-exec-4] Flight information is successfully sent!
2020-06-16 23:02:43,354 INFO com.bootspringrest.example.controller.FlightController [http-nio-8081-exec-5] Someone tried to access the list of all flights!
2020-06-16 23:02:43,358 INFO com.bootspringrest.example.controller.FlightController [http-nio-8081-exec-5] Flight information is successfully sent!
2020-06-16 23:02:43,752 INFO com.bootspringrest.example.controller.FlightController [http-nio-8081-exec-6] Someone tried to access the list of all flights!
2020-06-16 23:02:43,757 INFO com.bootspringrest.example.controller.FlightController [http-nio-8081-exec-6] Flight information is successfully sent!
2020-06-16 23:02:44,062 INFO com.bootspringrest.example.controller.FlightController [http-nio-8081-exec-7] Someone tried to access the list of all flights!
2020-06-16 23:02:44,067 INFO com.bootspringrest.example.controller.FlightController [http-nio-8081-exec-7] Flight information is successfully sent!
2020-06-16 23:02:44,382 INFO com.bootspringrest.example.controller.FlightController [http-nio-8081-exec-8] Someone tried to access the list of all flights!
2020-06-16 23:02:44,386 INFO com.bootspringrest.example.controller.FlightController [http-nio-8081-exec-8] Flight information is successfully sent!
2020-06-16 23:03:45,466 INFO com.bootspringrest.example.FlightApplication [restartedMain] Starting FlightApplication on DESKTOP-RG42U6K with PID 19440 (C:\Users\pokas\workspace\SpringBoot-REST-API-master\target\classes started by pokas in C:\Users\pokas\workspace\SpringBoot-REST-API-master)
2020-06-16 23:03:45,467 DEBUG com.bootspringrest.example.FlightApplication [restartedMain] Running with Spring Boot v1.5.4.RELEASE, Spring v4.3.9.RELEASE
2020-06-16 23:03:45,468 INFO com.bootspringrest.example.FlightApplication [restartedMain] No active profile set, falling back to default profiles: default
