2020-06-17 00:00:24,417 INFO com.bootspringrest.example.controller.FlightController [http-nio-8081-exec-9] Someone tried to update the arrival airport of flight with id=45
2020-06-17 00:00:24,541 INFO com.bootspringrest.example.controller.FlightController [http-nio-8081-exec-9] Flight details are successfully updated!
2020-06-17 00:01:36,698 INFO com.bootspringrest.example.controller.FlightController [http-nio-8081-exec-4] Someone tried to update the departure airport of flight with id=45
2020-06-17 00:01:36,746 INFO com.bootspringrest.example.controller.FlightController [http-nio-8081-exec-4] Flight details are successfully updated!
2020-06-17 00:02:39,125 INFO com.bootspringrest.example.controller.FlightController [http-nio-8081-exec-5] Someone tried to update the price of flight with id=45
2020-06-17 00:02:39,137 INFO com.bootspringrest.example.controller.FlightController [http-nio-8081-exec-5] Flight details are successfully updated!
2020-06-17 00:03:48,413 INFO com.bootspringrest.example.controller.FlightController [http-nio-8081-exec-8] Someone tried to delete the flight with id=45
2020-06-17 00:03:48,439 INFO com.bootspringrest.example.controller.FlightController [http-nio-8081-exec-8] The requested flight is successfully deleted!
2020-06-17 00:12:49,744 INFO com.bootspringrest.example.controller.FlightController [http-nio-8081-exec-1] Someone tried to access the list of all flights!
2020-06-17 00:12:49,843 INFO com.bootspringrest.example.controller.FlightController [http-nio-8081-exec-1] Flight information is successfully sent!
2020-06-17 00:13:23,991 INFO com.bootspringrest.example.controller.FlightController [http-nio-8081-exec-2] Someone tried to delete the flight with id=45
2020-06-17 00:13:24,000 ERROR com.bootspringrest.example.controller.FlightController [http-nio-8081-exec-2] There's no flight with the given id
2020-06-17 00:13:24,008 ERROR org.apache.catalina.core.ContainerBase.[Tomcat].[localhost].[/].[dispatcherServlet] [http-nio-8081-exec-2] Servlet.service() for servlet [dispatcherServlet] in context with path [] threw exception [Request processing failed; nested exception is java.lang.RuntimeException: No flight available with the given id] with root cause
java.lang.RuntimeException: No flight available with the given id
	at com.bootspringrest.example.controller.FlightController.deleteFlight(FlightController.java:230)
	at sun.reflect.NativeMethodAccessorImpl.invoke0(Native Method)
	at sun.reflect.NativeMethodAccessorImpl.invoke(NativeMethodAccessorImpl.java:62)
	at sun.reflect.DelegatingMethodAccessorImpl.invoke(DelegatingMethodAccessorImpl.java:43)
	at java.lang.reflect.Method.invoke(Method.java:498)
	at org.springframework.web.method.support.InvocableHandlerMethod.doInvoke(InvocableHandlerMethod.java:205)
	at org.springframework.web.method.support.InvocableHandlerMethod.invokeForRequest(InvocableHandlerMethod.java:133)
	at org.springframework.web.servlet.mvc.method.annotation.ServletInvocableHandlerMethod.invokeAndHandle(ServletInvocableHandlerMethod.java:97)
	at org.springframework.web.servlet.mvc.method.annotation.RequestMappingHandlerAdapter.invokeHandlerMethod(RequestMappingHandlerAdapter.java:827)
	at org.springframework.web.servlet.mvc.method.annotation.RequestMappingHandlerAdapter.handleInternal(RequestMappingHandlerAdapter.java:738)
	at org.springframework.web.servlet.mvc.method.AbstractHandlerMethodAdapter.handle(AbstractHandlerMethodAdapter.java:85)
	at org.springframework.web.servlet.DispatcherServlet.doDispatch(DispatcherServlet.java:967)
	at org.springframework.web.servlet.DispatcherServlet.doService(DispatcherServlet.java:901)
	at org.springframework.web.servlet.FrameworkServlet.processRequest(FrameworkServlet.java:970)
	at org.springframework.web.servlet.FrameworkServlet.doDelete(FrameworkServlet.java:894)
	at javax.servlet.http.HttpServlet.service(HttpServlet.java:667)
	at org.springframework.web.servlet.FrameworkServlet.service(FrameworkServlet.java:846)
	at javax.servlet.http.HttpServlet.service(HttpServlet.java:742)
	at org.apache.catalina.core.ApplicationFilterChain.internalDoFilter(ApplicationFilterChain.java:231)
	at org.apache.catalina.core.ApplicationFilterChain.doFilter(ApplicationFilterChain.java:166)
	at org.apache.tomcat.websocket.server.WsFilter.doFilter(WsFilter.java:52)
	at org.apache.catalina.core.ApplicationFilterChain.internalDoFilter(ApplicationFilterChain.java:193)
	at org.apache.catalina.core.ApplicationFilterChain.doFilter(ApplicationFilterChain.java:166)
	at org.springframework.web.filter.RequestContextFilter.doFilterInternal(RequestContextFilter.java:99)
	at org.springframework.web.filter.OncePerRequestFilter.doFilter(OncePerRequestFilter.java:107)
	at org.apache.catalina.core.ApplicationFilterChain.internalDoFilter(ApplicationFilterChain.java:193)
	at org.apache.catalina.core.ApplicationFilterChain.doFilter(ApplicationFilterChain.java:166)
	at org.springframework.web.filter.HttpPutFormContentFilter.doFilterInternal(HttpPutFormContentFilter.java:105)
	at org.springframework.web.filter.OncePerRequestFilter.doFilter(OncePerRequestFilter.java:107)
	at org.apache.catalina.core.ApplicationFilterChain.internalDoFilter(ApplicationFilterChain.java:193)
	at org.apache.catalina.core.ApplicationFilterChain.doFilter(ApplicationFilterChain.java:166)
	at org.springframework.web.filter.HiddenHttpMethodFilter.doFilterInternal(HiddenHttpMethodFilter.java:81)
	at org.springframework.web.filter.OncePerRequestFilter.doFilter(OncePerRequestFilter.java:107)
	at org.apache.catalina.core.ApplicationFilterChain.internalDoFilter(ApplicationFilterChain.java:193)
	at org.apache.catalina.core.ApplicationFilterChain.doFilter(ApplicationFilterChain.java:166)
	at org.springframework.web.filter.CharacterEncodingFilter.doFilterInternal(CharacterEncodingFilter.java:197)
	at org.springframework.web.filter.OncePerRequestFilter.doFilter(OncePerRequestFilter.java:107)
	at org.apache.catalina.core.ApplicationFilterChain.internalDoFilter(ApplicationFilterChain.java:193)
	at org.apache.catalina.core.ApplicationFilterChain.doFilter(ApplicationFilterChain.java:166)
	at org.apache.catalina.core.StandardWrapperValve.invoke(StandardWrapperValve.java:198)
	at org.apache.catalina.core.StandardContextValve.invoke(StandardContextValve.java:96)
	at org.apache.catalina.authenticator.AuthenticatorBase.invoke(AuthenticatorBase.java:478)
	at org.apache.catalina.core.StandardHostValve.invoke(StandardHostValve.java:140)
	at org.apache.catalina.valves.ErrorReportValve.invoke(ErrorReportValve.java:80)
	at org.apache.catalina.core.StandardEngineValve.invoke(StandardEngineValve.java:87)
	at org.apache.catalina.connector.CoyoteAdapter.service(CoyoteAdapter.java:342)
	at org.apache.coyote.http11.Http11Processor.service(Http11Processor.java:799)
	at org.apache.coyote.AbstractProcessorLight.process(AbstractProcessorLight.java:66)
	at org.apache.coyote.AbstractProtocol$ConnectionHandler.process(AbstractProtocol.java:861)
	at org.apache.tomcat.util.net.NioEndpoint$SocketProcessor.doRun(NioEndpoint.java:1455)
	at org.apache.tomcat.util.net.SocketProcessorBase.run(SocketProcessorBase.java:49)
	at java.util.concurrent.ThreadPoolExecutor.runWorker(ThreadPoolExecutor.java:1149)
	at java.util.concurrent.ThreadPoolExecutor$Worker.run(ThreadPoolExecutor.java:624)
	at org.apache.tomcat.util.threads.TaskThread$WrappingRunnable.run(TaskThread.java:61)
	at java.lang.Thread.run(Thread.java:748)
2020-06-17 00:13:29,248 INFO com.bootspringrest.example.controller.FlightController [http-nio-8081-exec-3] Someone tried to delete the flight with id=46
2020-06-17 00:13:29,305 INFO com.bootspringrest.example.controller.FlightController [http-nio-8081-exec-3] The requested flight is successfully deleted!
2020-06-17 00:13:32,249 INFO com.bootspringrest.example.controller.FlightController [http-nio-8081-exec-5] Someone tried to delete the flight with id=47
2020-06-17 00:13:32,322 INFO com.bootspringrest.example.controller.FlightController [http-nio-8081-exec-5] The requested flight is successfully deleted!
2020-06-17 00:13:35,742 INFO com.bootspringrest.example.controller.FlightController [http-nio-8081-exec-6] Someone tried to delete the flight with id=48
2020-06-17 00:13:35,766 INFO com.bootspringrest.example.controller.FlightController [http-nio-8081-exec-6] The requested flight is successfully deleted!
2020-06-17 00:14:07,716 INFO com.bootspringrest.example.controller.FlightController [http-nio-8081-exec-7] Someone tried to access the list of all flights!
2020-06-17 00:14:07,732 INFO com.bootspringrest.example.controller.FlightController [http-nio-8081-exec-7] Flight information is successfully sent!
2020-06-17 00:14:13,991 INFO com.bootspringrest.example.controller.FlightController [http-nio-8081-exec-8] Someone tried to delete the flight with id=50
2020-06-17 00:14:14,014 INFO com.bootspringrest.example.controller.FlightController [http-nio-8081-exec-8] The requested flight is successfully deleted!
2020-06-17 00:14:16,738 INFO com.bootspringrest.example.controller.FlightController [http-nio-8081-exec-9] Someone tried to delete the flight with id=51
2020-06-17 00:14:16,756 INFO com.bootspringrest.example.controller.FlightController [http-nio-8081-exec-9] The requested flight is successfully deleted!
2020-06-17 00:14:20,144 INFO com.bootspringrest.example.controller.FlightController [http-nio-8081-exec-10] Someone tried to access the list of all flights!
2020-06-17 00:14:20,153 INFO com.bootspringrest.example.controller.FlightController [http-nio-8081-exec-10] Flight information is successfully sent!
2020-06-17 00:54:59,332 INFO com.bootspringrest.example.FlightApplication [restartedMain] Starting FlightApplication on DESKTOP-RG42U6K with PID 25544 (C:\Users\pokas\workspace\SpringBoot-REST-API-master\target\classes started by pokas in C:\Users\pokas\workspace\SpringBoot-REST-API-master)
2020-06-17 00:54:59,338 DEBUG com.bootspringrest.example.FlightApplication [restartedMain] Running with Spring Boot v1.5.4.RELEASE, Spring v4.3.9.RELEASE
2020-06-17 00:54:59,339 INFO com.bootspringrest.example.FlightApplication [restartedMain] No active profile set, falling back to default profiles: default
2020-06-17 00:55:11,393 INFO com.bootspringrest.example.FlightApplication [restartedMain] Started FlightApplication in 12.845 seconds (JVM running for 14.698)
2020-06-17 00:55:21,031 INFO com.bootspringrest.example.controller.FlightController [http-nio-8081-exec-2] Someone tried to access the details of flight with id=45
2020-06-17 00:55:21,032 WARN com.bootspringrest.example.controller.FlightController [http-nio-8081-exec-2] there's no flight present with the required id!
2020-06-17 00:55:21,051 ERROR org.apache.catalina.core.ContainerBase.[Tomcat].[localhost].[/].[dispatcherServlet] [http-nio-8081-exec-2] Servlet.service() for servlet [dispatcherServlet] in context with path [] threw exception [Request processing failed; nested exception is com.bootspringrest.Exception.APIrequestException: There is no flight available with the given id] with root cause
com.bootspringrest.Exception.APIrequestException: There is no flight available with the given id
	at com.bootspringrest.example.controller.FlightController.getFlightsById(FlightController.java:92)
	at sun.reflect.NativeMethodAccessorImpl.invoke0(Native Method)
	at sun.reflect.NativeMethodAccessorImpl.invoke(NativeMethodAccessorImpl.java:62)
	at sun.reflect.DelegatingMethodAccessorImpl.invoke(DelegatingMethodAccessorImpl.java:43)
	at java.lang.reflect.Method.invoke(Method.java:498)
	at org.springframework.web.method.support.InvocableHandlerMethod.doInvoke(InvocableHandlerMethod.java:205)
	at org.springframework.web.method.support.InvocableHandlerMethod.invokeForRequest(InvocableHandlerMethod.java:133)
	at org.springframework.web.servlet.mvc.method.annotation.ServletInvocableHandlerMethod.invokeAndHandle(ServletInvocableHandlerMethod.java:97)
	at org.springframework.web.servlet.mvc.method.annotation.RequestMappingHandlerAdapter.invokeHandlerMethod(RequestMappingHandlerAdapter.java:827)
	at org.springframework.web.servlet.mvc.method.annotation.RequestMappingHandlerAdapter.handleInternal(RequestMappingHandlerAdapter.java:738)
	at org.springframework.web.servlet.mvc.method.AbstractHandlerMethodAdapter.handle(AbstractHandlerMethodAdapter.java:85)
	at org.springframework.web.servlet.DispatcherServlet.doDispatch(DispatcherServlet.java:967)
	at org.springframework.web.servlet.DispatcherServlet.doService(DispatcherServlet.java:901)
	at org.springframework.web.servlet.FrameworkServlet.processRequest(FrameworkServlet.java:970)
	at org.springframework.web.servlet.FrameworkServlet.doGet(FrameworkServlet.java:861)
	at javax.servlet.http.HttpServlet.service(HttpServlet.java:635)
	at org.springframework.web.servlet.FrameworkServlet.service(FrameworkServlet.java:846)
	at javax.servlet.http.HttpServlet.service(HttpServlet.java:742)
	at org.apache.catalina.core.ApplicationFilterChain.internalDoFilter(ApplicationFilterChain.java:231)
	at org.apache.catalina.core.ApplicationFilterChain.doFilter(ApplicationFilterChain.java:166)
	at org.apache.tomcat.websocket.server.WsFilter.doFilter(WsFilter.java:52)
	at org.apache.catalina.core.ApplicationFilterChain.internalDoFilter(ApplicationFilterChain.java:193)
	at org.apache.catalina.core.ApplicationFilterChain.doFilter(ApplicationFilterChain.java:166)
	at org.springframework.web.filter.RequestContextFilter.doFilterInternal(RequestContextFilter.java:99)
	at org.springframework.web.filter.OncePerRequestFilter.doFilter(OncePerRequestFilter.java:107)
	at org.apache.catalina.core.ApplicationFilterChain.internalDoFilter(ApplicationFilterChain.java:193)
	at org.apache.catalina.core.ApplicationFilterChain.doFilter(ApplicationFilterChain.java:166)
	at org.springframework.web.filter.HttpPutFormContentFilter.doFilterInternal(HttpPutFormContentFilter.java:105)
	at org.springframework.web.filter.OncePerRequestFilter.doFilter(OncePerRequestFilter.java:107)
	at org.apache.catalina.core.ApplicationFilterChain.internalDoFilter(ApplicationFilterChain.java:193)
	at org.apache.catalina.core.ApplicationFilterChain.doFilter(ApplicationFilterChain.java:166)
	at org.springframework.web.filter.HiddenHttpMethodFilter.doFilterInternal(HiddenHttpMethodFilter.java:81)
	at org.springframework.web.filter.OncePerRequestFilter.doFilter(OncePerRequestFilter.java:107)
	at org.apache.catalina.core.ApplicationFilterChain.internalDoFilter(ApplicationFilterChain.java:193)
	at org.apache.catalina.core.ApplicationFilterChain.doFilter(ApplicationFilterChain.java:166)
	at org.springframework.web.filter.CharacterEncodingFilter.doFilterInternal(CharacterEncodingFilter.java:197)
	at org.springframework.web.filter.OncePerRequestFilter.doFilter(OncePerRequestFilter.java:107)
	at org.apache.catalina.core.ApplicationFilterChain.internalDoFilter(ApplicationFilterChain.java:193)
	at org.apache.catalina.core.ApplicationFilterChain.doFilter(ApplicationFilterChain.java:166)
	at org.apache.catalina.core.StandardWrapperValve.invoke(StandardWrapperValve.java:198)
	at org.apache.catalina.core.StandardContextValve.invoke(StandardContextValve.java:96)
	at org.apache.catalina.authenticator.AuthenticatorBase.invoke(AuthenticatorBase.java:478)
	at org.apache.catalina.core.StandardHostValve.invoke(StandardHostValve.java:140)
	at org.apache.catalina.valves.ErrorReportValve.invoke(ErrorReportValve.java:80)
	at org.apache.catalina.core.StandardEngineValve.invoke(StandardEngineValve.java:87)
	at org.apache.catalina.connector.CoyoteAdapter.service(CoyoteAdapter.java:342)
	at org.apache.coyote.http11.Http11Processor.service(Http11Processor.java:799)
	at org.apache.coyote.AbstractProcessorLight.process(AbstractProcessorLight.java:66)
	at org.apache.coyote.AbstractProtocol$ConnectionHandler.process(AbstractProtocol.java:861)
	at org.apache.tomcat.util.net.NioEndpoint$SocketProcessor.doRun(NioEndpoint.java:1455)
	at org.apache.tomcat.util.net.SocketProcessorBase.run(SocketProcessorBase.java:49)
	at java.util.concurrent.ThreadPoolExecutor.runWorker(ThreadPoolExecutor.java:1149)
	at java.util.concurrent.ThreadPoolExecutor$Worker.run(ThreadPoolExecutor.java:624)
	at org.apache.tomcat.util.threads.TaskThread$WrappingRunnable.run(TaskThread.java:61)
	at java.lang.Thread.run(Thread.java:748)
2020-06-17 00:56:47,067 INFO com.bootspringrest.example.FlightApplication [restartedMain] Starting FlightApplication on DESKTOP-RG42U6K with PID 25544 (C:\Users\pokas\workspace\SpringBoot-REST-API-master\target\classes started by pokas in C:\Users\pokas\workspace\SpringBoot-REST-API-master)
2020-06-17 00:56:47,068 DEBUG com.bootspringrest.example.FlightApplication [restartedMain] Running with Spring Boot v1.5.4.RELEASE, Spring v4.3.9.RELEASE
2020-06-17 00:56:47,068 INFO com.bootspringrest.example.FlightApplication [restartedMain] No active profile set, falling back to default profiles: default
2020-06-17 00:56:49,186 INFO com.bootspringrest.example.FlightApplication [restartedMain] Started FlightApplication in 2.222 seconds (JVM running for 112.491)
2020-06-17 00:56:53,842 INFO com.bootspringrest.example.controller.FlightController [http-nio-8081-exec-2] Someone tried to access the details of flight with id=45
2020-06-17 00:56:53,845 WARN com.bootspringrest.example.controller.FlightController [http-nio-8081-exec-2] there's no flight present with the required id!
2020-06-17 00:56:53,849 ERROR org.apache.catalina.core.ContainerBase.[Tomcat].[localhost].[/].[dispatcherServlet] [http-nio-8081-exec-2] Servlet.service() for servlet [dispatcherServlet] in context with path [] threw exception [Request processing failed; nested exception is com.bootspringrest.Exception.APIrequestException: There is no flight available with the given id] with root cause
com.bootspringrest.Exception.APIrequestException: There is no flight available with the given id
	at com.bootspringrest.example.controller.FlightController.getFlightsById(FlightController.java:92)
	at sun.reflect.NativeMethodAccessorImpl.invoke0(Native Method)
	at sun.reflect.NativeMethodAccessorImpl.invoke(NativeMethodAccessorImpl.java:62)
	at sun.reflect.DelegatingMethodAccessorImpl.invoke(DelegatingMethodAccessorImpl.java:43)
	at java.lang.reflect.Method.invoke(Method.java:498)
	at org.springframework.web.method.support.InvocableHandlerMethod.doInvoke(InvocableHandlerMethod.java:205)
	at org.springframework.web.method.support.InvocableHandlerMethod.invokeForRequest(InvocableHandlerMethod.java:133)
	at org.springframework.web.servlet.mvc.method.annotation.ServletInvocableHandlerMethod.invokeAndHandle(ServletInvocableHandlerMethod.java:97)
	at org.springframework.web.servlet.mvc.method.annotation.RequestMappingHandlerAdapter.invokeHandlerMethod(RequestMappingHandlerAdapter.java:827)
	at org.springframework.web.servlet.mvc.method.annotation.RequestMappingHandlerAdapter.handleInternal(RequestMappingHandlerAdapter.java:738)
	at org.springframework.web.servlet.mvc.method.AbstractHandlerMethodAdapter.handle(AbstractHandlerMethodAdapter.java:85)
	at org.springframework.web.servlet.DispatcherServlet.doDispatch(DispatcherServlet.java:967)
	at org.springframework.web.servlet.DispatcherServlet.doService(DispatcherServlet.java:901)
	at org.springframework.web.servlet.FrameworkServlet.processRequest(FrameworkServlet.java:970)
	at org.springframework.web.servlet.FrameworkServlet.doGet(FrameworkServlet.java:861)
	at javax.servlet.http.HttpServlet.service(HttpServlet.java:635)
	at org.springframework.web.servlet.FrameworkServlet.service(FrameworkServlet.java:846)
	at javax.servlet.http.HttpServlet.service(HttpServlet.java:742)
	at org.apache.catalina.core.ApplicationFilterChain.internalDoFilter(ApplicationFilterChain.java:231)
	at org.apache.catalina.core.ApplicationFilterChain.doFilter(ApplicationFilterChain.java:166)
	at org.apache.tomcat.websocket.server.WsFilter.doFilter(WsFilter.java:52)
	at org.apache.catalina.core.ApplicationFilterChain.internalDoFilter(ApplicationFilterChain.java:193)
	at org.apache.catalina.core.ApplicationFilterChain.doFilter(ApplicationFilterChain.java:166)
	at org.springframework.web.filter.RequestContextFilter.doFilterInternal(RequestContextFilter.java:99)
	at org.springframework.web.filter.OncePerRequestFilter.doFilter(OncePerRequestFilter.java:107)
	at org.apache.catalina.core.ApplicationFilterChain.internalDoFilter(ApplicationFilterChain.java:193)
	at org.apache.catalina.core.ApplicationFilterChain.doFilter(ApplicationFilterChain.java:166)
	at org.springframework.web.filter.HttpPutFormContentFilter.doFilterInternal(HttpPutFormContentFilter.java:105)
	at org.springframework.web.filter.OncePerRequestFilter.doFilter(OncePerRequestFilter.java:107)
	at org.apache.catalina.core.ApplicationFilterChain.internalDoFilter(ApplicationFilterChain.java:193)
	at org.apache.catalina.core.ApplicationFilterChain.doFilter(ApplicationFilterChain.java:166)
	at org.springframework.web.filter.HiddenHttpMethodFilter.doFilterInternal(HiddenHttpMethodFilter.java:81)
	at org.springframework.web.filter.OncePerRequestFilter.doFilter(OncePerRequestFilter.java:107)
	at org.apache.catalina.core.ApplicationFilterChain.internalDoFilter(ApplicationFilterChain.java:193)
	at org.apache.catalina.core.ApplicationFilterChain.doFilter(ApplicationFilterChain.java:166)
	at org.springframework.web.filter.CharacterEncodingFilter.doFilterInternal(CharacterEncodingFilter.java:197)
	at org.springframework.web.filter.OncePerRequestFilter.doFilter(OncePerRequestFilter.java:107)
	at org.apache.catalina.core.ApplicationFilterChain.internalDoFilter(ApplicationFilterChain.java:193)
	at org.apache.catalina.core.ApplicationFilterChain.doFilter(ApplicationFilterChain.java:166)
	at org.apache.catalina.core.StandardWrapperValve.invoke(StandardWrapperValve.java:198)
	at org.apache.catalina.core.StandardContextValve.invoke(StandardContextValve.java:96)
	at org.apache.catalina.authenticator.AuthenticatorBase.invoke(AuthenticatorBase.java:478)
	at org.apache.catalina.core.StandardHostValve.invoke(StandardHostValve.java:140)
	at org.apache.catalina.valves.ErrorReportValve.invoke(ErrorReportValve.java:80)
	at org.apache.catalina.core.StandardEngineValve.invoke(StandardEngineValve.java:87)
	at org.apache.catalina.connector.CoyoteAdapter.service(CoyoteAdapter.java:342)
	at org.apache.coyote.http11.Http11Processor.service(Http11Processor.java:799)
	at org.apache.coyote.AbstractProcessorLight.process(AbstractProcessorLight.java:66)
	at org.apache.coyote.AbstractProtocol$ConnectionHandler.process(AbstractProtocol.java:861)
	at org.apache.tomcat.util.net.NioEndpoint$SocketProcessor.doRun(NioEndpoint.java:1455)
	at org.apache.tomcat.util.net.SocketProcessorBase.run(SocketProcessorBase.java:49)
	at java.util.concurrent.ThreadPoolExecutor.runWorker(ThreadPoolExecutor.java:1149)
	at java.util.concurrent.ThreadPoolExecutor$Worker.run(ThreadPoolExecutor.java:624)
	at org.apache.tomcat.util.threads.TaskThread$WrappingRunnable.run(TaskThread.java:61)
	at java.lang.Thread.run(Thread.java:748)
2020-06-17 00:57:48,604 INFO com.bootspringrest.example.FlightApplication [restartedMain] Starting FlightApplication on DESKTOP-RG42U6K with PID 8804 (C:\Users\pokas\workspace\SpringBoot-REST-API-master\target\classes started by pokas in C:\Users\pokas\workspace\SpringBoot-REST-API-master)
2020-06-17 00:57:48,609 DEBUG com.bootspringrest.example.FlightApplication [restartedMain] Running with Spring Boot v1.5.4.RELEASE, Spring v4.3.9.RELEASE
2020-06-17 00:57:48,610 INFO com.bootspringrest.example.FlightApplication [restartedMain] No active profile set, falling back to default profiles: default
2020-06-17 00:57:59,989 INFO com.bootspringrest.example.FlightApplication [restartedMain] Started FlightApplication in 12.016 seconds (JVM running for 13.537)
2020-06-17 00:58:06,473 INFO com.bootspringrest.example.controller.FlightController [http-nio-8081-exec-1] Someone tried to access the details of flight with id=45
2020-06-17 00:58:06,474 WARN com.bootspringrest.example.controller.FlightController [http-nio-8081-exec-1] there's no flight present with the required id!
2020-06-17 00:58:06,487 ERROR org.apache.catalina.core.ContainerBase.[Tomcat].[localhost].[/].[dispatcherServlet] [http-nio-8081-exec-1] Servlet.service() for servlet [dispatcherServlet] in context with path [] threw exception [Request processing failed; nested exception is java.lang.RuntimeException: There is no flight available with the given id] with root cause
java.lang.RuntimeException: There is no flight available with the given id
	at com.bootspringrest.example.controller.FlightController.getFlightsById(FlightController.java:92)
	at sun.reflect.NativeMethodAccessorImpl.invoke0(Native Method)
	at sun.reflect.NativeMethodAccessorImpl.invoke(NativeMethodAccessorImpl.java:62)
	at sun.reflect.DelegatingMethodAccessorImpl.invoke(DelegatingMethodAccessorImpl.java:43)
	at java.lang.reflect.Method.invoke(Method.java:498)
	at org.springframework.web.method.support.InvocableHandlerMethod.doInvoke(InvocableHandlerMethod.java:205)
	at org.springframework.web.method.support.InvocableHandlerMethod.invokeForRequest(InvocableHandlerMethod.java:133)
	at org.springframework.web.servlet.mvc.method.annotation.ServletInvocableHandlerMethod.invokeAndHandle(ServletInvocableHandlerMethod.java:97)
	at org.springframework.web.servlet.mvc.method.annotation.RequestMappingHandlerAdapter.invokeHandlerMethod(RequestMappingHandlerAdapter.java:827)
	at org.springframework.web.servlet.mvc.method.annotation.RequestMappingHandlerAdapter.handleInternal(RequestMappingHandlerAdapter.java:738)
	at org.springframework.web.servlet.mvc.method.AbstractHandlerMethodAdapter.handle(AbstractHandlerMethodAdapter.java:85)
	at org.springframework.web.servlet.DispatcherServlet.doDispatch(DispatcherServlet.java:967)
	at org.springframework.web.servlet.DispatcherServlet.doService(DispatcherServlet.java:901)
	at org.springframework.web.servlet.FrameworkServlet.processRequest(FrameworkServlet.java:970)
	at org.springframework.web.servlet.FrameworkServlet.doGet(FrameworkServlet.java:861)
	at javax.servlet.http.HttpServlet.service(HttpServlet.java:635)
	at org.springframework.web.servlet.FrameworkServlet.service(FrameworkServlet.java:846)
	at javax.servlet.http.HttpServlet.service(HttpServlet.java:742)
	at org.apache.catalina.core.ApplicationFilterChain.internalDoFilter(ApplicationFilterChain.java:231)
	at org.apache.catalina.core.ApplicationFilterChain.doFilter(ApplicationFilterChain.java:166)
	at org.apache.tomcat.websocket.server.WsFilter.doFilter(WsFilter.java:52)
	at org.apache.catalina.core.ApplicationFilterChain.internalDoFilter(ApplicationFilterChain.java:193)
	at org.apache.catalina.core.ApplicationFilterChain.doFilter(ApplicationFilterChain.java:166)
	at org.springframework.web.filter.RequestContextFilter.doFilterInternal(RequestContextFilter.java:99)
	at org.springframework.web.filter.OncePerRequestFilter.doFilter(OncePerRequestFilter.java:107)
	at org.apache.catalina.core.ApplicationFilterChain.internalDoFilter(ApplicationFilterChain.java:193)
	at org.apache.catalina.core.ApplicationFilterChain.doFilter(ApplicationFilterChain.java:166)
	at org.springframework.web.filter.HttpPutFormContentFilter.doFilterInternal(HttpPutFormContentFilter.java:105)
	at org.springframework.web.filter.OncePerRequestFilter.doFilter(OncePerRequestFilter.java:107)
	at org.apache.catalina.core.ApplicationFilterChain.internalDoFilter(ApplicationFilterChain.java:193)
	at org.apache.catalina.core.ApplicationFilterChain.doFilter(ApplicationFilterChain.java:166)
	at org.springframework.web.filter.HiddenHttpMethodFilter.doFilterInternal(HiddenHttpMethodFilter.java:81)
	at org.springframework.web.filter.OncePerRequestFilter.doFilter(OncePerRequestFilter.java:107)
	at org.apache.catalina.core.ApplicationFilterChain.internalDoFilter(ApplicationFilterChain.java:193)
	at org.apache.catalina.core.ApplicationFilterChain.doFilter(ApplicationFilterChain.java:166)
	at org.springframework.web.filter.CharacterEncodingFilter.doFilterInternal(CharacterEncodingFilter.java:197)
	at org.springframework.web.filter.OncePerRequestFilter.doFilter(OncePerRequestFilter.java:107)
	at org.apache.catalina.core.ApplicationFilterChain.internalDoFilter(ApplicationFilterChain.java:193)
	at org.apache.catalina.core.ApplicationFilterChain.doFilter(ApplicationFilterChain.java:166)
	at org.apache.catalina.core.StandardWrapperValve.invoke(StandardWrapperValve.java:198)
	at org.apache.catalina.core.StandardContextValve.invoke(StandardContextValve.java:96)
	at org.apache.catalina.authenticator.AuthenticatorBase.invoke(AuthenticatorBase.java:478)
	at org.apache.catalina.core.StandardHostValve.invoke(StandardHostValve.java:140)
	at org.apache.catalina.valves.ErrorReportValve.invoke(ErrorReportValve.java:80)
	at org.apache.catalina.core.StandardEngineValve.invoke(StandardEngineValve.java:87)
	at org.apache.catalina.connector.CoyoteAdapter.service(CoyoteAdapter.java:342)
	at org.apache.coyote.http11.Http11Processor.service(Http11Processor.java:799)
	at org.apache.coyote.AbstractProcessorLight.process(AbstractProcessorLight.java:66)
	at org.apache.coyote.AbstractProtocol$ConnectionHandler.process(AbstractProtocol.java:861)
	at org.apache.tomcat.util.net.NioEndpoint$SocketProcessor.doRun(NioEndpoint.java:1455)
	at org.apache.tomcat.util.net.SocketProcessorBase.run(SocketProcessorBase.java:49)
	at java.util.concurrent.ThreadPoolExecutor.runWorker(ThreadPoolExecutor.java:1149)
	at java.util.concurrent.ThreadPoolExecutor$Worker.run(ThreadPoolExecutor.java:624)
	at org.apache.tomcat.util.threads.TaskThread$WrappingRunnable.run(TaskThread.java:61)
	at java.lang.Thread.run(Thread.java:748)
2020-06-17 11:26:50,382 INFO com.bootspringrest.example.FlightApplication [restartedMain] Starting FlightApplication on DESKTOP-RG42U6K with PID 11240 (C:\Users\pokas\workspace\SpringBoot-REST-API-master\target\classes started by pokas in C:\Users\pokas\workspace\SpringBoot-REST-API-master)
2020-06-17 11:26:50,388 DEBUG com.bootspringrest.example.FlightApplication [restartedMain] Running with Spring Boot v1.5.4.RELEASE, Spring v4.3.9.RELEASE
2020-06-17 11:26:50,389 INFO com.bootspringrest.example.FlightApplication [restartedMain] No active profile set, falling back to default profiles: default
2020-06-17 11:27:03,309 INFO com.bootspringrest.example.FlightApplication [restartedMain] Started FlightApplication in 13.605 seconds (JVM running for 15.188)
2020-06-17 11:27:36,439 INFO com.bootspringrest.example.controller.FlightController [http-nio-8081-exec-2] Someone tried to access the list of all flights!
2020-06-17 11:27:36,738 INFO com.bootspringrest.example.controller.FlightController [http-nio-8081-exec-2] Flight information is successfully sent!
2020-06-17 11:27:44,122 INFO com.bootspringrest.example.controller.FlightController [http-nio-8081-exec-3] Someone tried to access the details of flight with id=2
2020-06-17 11:27:44,122 INFO com.bootspringrest.example.controller.FlightController [http-nio-8081-exec-3] Flight info is successfully returned!
2020-06-17 11:27:50,133 INFO com.bootspringrest.example.controller.FlightController [http-nio-8081-exec-4] Someone tried to access the details of all fflights with type D
2020-06-17 11:27:50,198 INFO com.bootspringrest.example.controller.FlightController [http-nio-8081-exec-4] Flight info is successfully returned!
2020-06-17 11:27:56,332 INFO com.bootspringrest.example.controller.FlightController [http-nio-8081-exec-5] Someone tried to access the list of all flights going from HYD toMUM
2020-06-17 11:27:56,333 INFO com.bootspringrest.example.controller.FlightController [http-nio-8081-exec-5] Flight info is successfully returned!
2020-06-17 11:28:01,642 INFO com.bootspringrest.example.controller.FlightController [http-nio-8081-exec-6] Someone tried to access the details of all flights arriving to MUM
2020-06-17 11:28:01,642 INFO com.bootspringrest.example.controller.FlightController [http-nio-8081-exec-6] Flight info is successfully returned!
2020-06-17 11:28:05,127 INFO com.bootspringrest.example.controller.FlightController [http-nio-8081-exec-7] Someone tried to access the details of all flights departing from HYD
2020-06-17 11:28:05,135 INFO com.bootspringrest.example.controller.FlightController [http-nio-8081-exec-7] Flight info is successfully returned!
2020-06-17 11:28:16,872 INFO com.bootspringrest.example.controller.FlightController [http-nio-8081-exec-8] Someone tried to add a list of new flights to the database!
2020-06-17 11:28:17,383 INFO com.bootspringrest.example.controller.FlightController [http-nio-8081-exec-8] The given flights are successfully added
2020-06-17 11:28:25,441 INFO com.bootspringrest.example.controller.FlightController [http-nio-8081-exec-9] Someone tried to add a new flight to the database!
2020-06-17 11:28:25,473 INFO com.bootspringrest.example.controller.FlightController [http-nio-8081-exec-9] A new flight with id 47 has been added successfully!
2020-06-17 11:28:38,146 INFO com.bootspringrest.example.controller.FlightController [http-nio-8081-exec-10] Someone tried to update the arrival time of flight with id=45
2020-06-17 11:28:38,216 INFO com.bootspringrest.example.controller.FlightController [http-nio-8081-exec-10] Flight details are successfully updated!
2020-06-17 11:28:50,713 INFO com.bootspringrest.example.controller.FlightController [http-nio-8081-exec-1] Someone tried to update the departure time of flight with id=45
2020-06-17 11:28:50,726 INFO com.bootspringrest.example.controller.FlightController [http-nio-8081-exec-1] Flight details are successfully updated!
2020-06-17 11:28:55,950 INFO com.bootspringrest.example.controller.FlightController [http-nio-8081-exec-2] Someone tried to update the arrival airport of flight with id=45
2020-06-17 11:28:55,966 INFO com.bootspringrest.example.controller.FlightController [http-nio-8081-exec-2] Flight details are successfully updated!
2020-06-17 11:28:59,839 INFO com.bootspringrest.example.controller.FlightController [http-nio-8081-exec-3] Someone tried to update the departure airport of flight with id=45
2020-06-17 11:28:59,853 INFO com.bootspringrest.example.controller.FlightController [http-nio-8081-exec-3] Flight details are successfully updated!
2020-06-17 11:29:05,081 INFO com.bootspringrest.example.controller.FlightController [http-nio-8081-exec-4] Someone tried to update the price of flight with id=45
2020-06-17 11:29:05,094 INFO com.bootspringrest.example.controller.FlightController [http-nio-8081-exec-4] Flight details are successfully updated!
2020-06-17 11:29:14,513 INFO com.bootspringrest.example.controller.FlightController [http-nio-8081-exec-5] Someone tried to delete the flight with id=45
2020-06-17 11:29:14,552 INFO com.bootspringrest.example.controller.FlightController [http-nio-8081-exec-5] The requested flight is successfully deleted!
2020-06-17 11:31:02,974 INFO com.bootspringrest.example.controller.FlightController [http-nio-8081-exec-8] Someone tried to delete the flight with id=45
2020-06-17 11:31:02,983 ERROR com.bootspringrest.example.controller.FlightController [http-nio-8081-exec-8] There's no flight with the given id
2020-06-17 11:31:03,010 ERROR org.apache.catalina.core.ContainerBase.[Tomcat].[localhost].[/].[dispatcherServlet] [http-nio-8081-exec-8] Servlet.service() for servlet [dispatcherServlet] in context with path [] threw exception [Request processing failed; nested exception is java.lang.RuntimeException: No flight available with the given id] with root cause
java.lang.RuntimeException: No flight available with the given id
	at com.bootspringrest.example.controller.FlightController.deleteFlight(FlightController.java:231)
	at sun.reflect.NativeMethodAccessorImpl.invoke0(Native Method)
	at sun.reflect.NativeMethodAccessorImpl.invoke(NativeMethodAccessorImpl.java:62)
	at sun.reflect.DelegatingMethodAccessorImpl.invoke(DelegatingMethodAccessorImpl.java:43)
	at java.lang.reflect.Method.invoke(Method.java:498)
	at org.springframework.web.method.support.InvocableHandlerMethod.doInvoke(InvocableHandlerMethod.java:205)
	at org.springframework.web.method.support.InvocableHandlerMethod.invokeForRequest(InvocableHandlerMethod.java:133)
	at org.springframework.web.servlet.mvc.method.annotation.ServletInvocableHandlerMethod.invokeAndHandle(ServletInvocableHandlerMethod.java:97)
	at org.springframework.web.servlet.mvc.method.annotation.RequestMappingHandlerAdapter.invokeHandlerMethod(RequestMappingHandlerAdapter.java:827)
	at org.springframework.web.servlet.mvc.method.annotation.RequestMappingHandlerAdapter.handleInternal(RequestMappingHandlerAdapter.java:738)
	at org.springframework.web.servlet.mvc.method.AbstractHandlerMethodAdapter.handle(AbstractHandlerMethodAdapter.java:85)
	at org.springframework.web.servlet.DispatcherServlet.doDispatch(DispatcherServlet.java:967)
	at org.springframework.web.servlet.DispatcherServlet.doService(DispatcherServlet.java:901)
	at org.springframework.web.servlet.FrameworkServlet.processRequest(FrameworkServlet.java:970)
	at org.springframework.web.servlet.FrameworkServlet.doDelete(FrameworkServlet.java:894)
	at javax.servlet.http.HttpServlet.service(HttpServlet.java:667)
	at org.springframework.web.servlet.FrameworkServlet.service(FrameworkServlet.java:846)
	at javax.servlet.http.HttpServlet.service(HttpServlet.java:742)
	at org.apache.catalina.core.ApplicationFilterChain.internalDoFilter(ApplicationFilterChain.java:231)
	at org.apache.catalina.core.ApplicationFilterChain.doFilter(ApplicationFilterChain.java:166)
	at org.apache.tomcat.websocket.server.WsFilter.doFilter(WsFilter.java:52)
	at org.apache.catalina.core.ApplicationFilterChain.internalDoFilter(ApplicationFilterChain.java:193)
	at org.apache.catalina.core.ApplicationFilterChain.doFilter(ApplicationFilterChain.java:166)
	at org.springframework.web.filter.RequestContextFilter.doFilterInternal(RequestContextFilter.java:99)
	at org.springframework.web.filter.OncePerRequestFilter.doFilter(OncePerRequestFilter.java:107)
	at org.apache.catalina.core.ApplicationFilterChain.internalDoFilter(ApplicationFilterChain.java:193)
	at org.apache.catalina.core.ApplicationFilterChain.doFilter(ApplicationFilterChain.java:166)
	at org.springframework.web.filter.HttpPutFormContentFilter.doFilterInternal(HttpPutFormContentFilter.java:105)
	at org.springframework.web.filter.OncePerRequestFilter.doFilter(OncePerRequestFilter.java:107)
	at org.apache.catalina.core.ApplicationFilterChain.internalDoFilter(ApplicationFilterChain.java:193)
	at org.apache.catalina.core.ApplicationFilterChain.doFilter(ApplicationFilterChain.java:166)
	at org.springframework.web.filter.HiddenHttpMethodFilter.doFilterInternal(HiddenHttpMethodFilter.java:81)
	at org.springframework.web.filter.OncePerRequestFilter.doFilter(OncePerRequestFilter.java:107)
	at org.apache.catalina.core.ApplicationFilterChain.internalDoFilter(ApplicationFilterChain.java:193)
	at org.apache.catalina.core.ApplicationFilterChain.doFilter(ApplicationFilterChain.java:166)
	at org.springframework.web.filter.CharacterEncodingFilter.doFilterInternal(CharacterEncodingFilter.java:197)
	at org.springframework.web.filter.OncePerRequestFilter.doFilter(OncePerRequestFilter.java:107)
	at org.apache.catalina.core.ApplicationFilterChain.internalDoFilter(ApplicationFilterChain.java:193)
	at org.apache.catalina.core.ApplicationFilterChain.doFilter(ApplicationFilterChain.java:166)
	at org.apache.catalina.core.StandardWrapperValve.invoke(StandardWrapperValve.java:198)
	at org.apache.catalina.core.StandardContextValve.invoke(StandardContextValve.java:96)
	at org.apache.catalina.authenticator.AuthenticatorBase.invoke(AuthenticatorBase.java:478)
	at org.apache.catalina.core.StandardHostValve.invoke(StandardHostValve.java:140)
	at org.apache.catalina.valves.ErrorReportValve.invoke(ErrorReportValve.java:80)
	at org.apache.catalina.core.StandardEngineValve.invoke(StandardEngineValve.java:87)
	at org.apache.catalina.connector.CoyoteAdapter.service(CoyoteAdapter.java:342)
	at org.apache.coyote.http11.Http11Processor.service(Http11Processor.java:799)
	at org.apache.coyote.AbstractProcessorLight.process(AbstractProcessorLight.java:66)
	at org.apache.coyote.AbstractProtocol$ConnectionHandler.process(AbstractProtocol.java:861)
	at org.apache.tomcat.util.net.NioEndpoint$SocketProcessor.doRun(NioEndpoint.java:1455)
	at org.apache.tomcat.util.net.SocketProcessorBase.run(SocketProcessorBase.java:49)
	at java.util.concurrent.ThreadPoolExecutor.runWorker(ThreadPoolExecutor.java:1149)
	at java.util.concurrent.ThreadPoolExecutor$Worker.run(ThreadPoolExecutor.java:624)
	at org.apache.tomcat.util.threads.TaskThread$WrappingRunnable.run(TaskThread.java:61)
	at java.lang.Thread.run(Thread.java:748)
2020-06-17 11:31:08,263 INFO com.bootspringrest.example.controller.FlightController [http-nio-8081-exec-10] Someone tried to delete the flight with id=46
2020-06-17 11:31:08,299 INFO com.bootspringrest.example.controller.FlightController [http-nio-8081-exec-10] The requested flight is successfully deleted!
2020-06-17 11:31:11,346 INFO com.bootspringrest.example.controller.FlightController [http-nio-8081-exec-1] Someone tried to delete the flight with id=47
2020-06-17 11:31:11,389 INFO com.bootspringrest.example.controller.FlightController [http-nio-8081-exec-1] The requested flight is successfully deleted!
2020-06-17 11:31:20,940 INFO com.bootspringrest.example.controller.FlightController [http-nio-8081-exec-2] Someone tried to access the list of all flights!
2020-06-17 11:31:20,954 INFO com.bootspringrest.example.controller.FlightController [http-nio-8081-exec-2] Flight information is successfully sent!
2020-06-17 11:35:34,401 INFO com.bootspringrest.example.FlightApplication [restartedMain] Starting FlightApplication on DESKTOP-RG42U6K with PID 2540 (C:\Users\pokas\workspace\SpringBoot-REST-API-master\target\classes started by pokas in C:\Users\pokas\workspace\SpringBoot-REST-API-master)
2020-06-17 11:35:34,405 DEBUG com.bootspringrest.example.FlightApplication [restartedMain] Running with Spring Boot v1.5.4.RELEASE, Spring v4.3.9.RELEASE
2020-06-17 11:35:34,406 INFO com.bootspringrest.example.FlightApplication [restartedMain] No active profile set, falling back to default profiles: default
2020-06-17 11:35:45,219 INFO com.bootspringrest.example.FlightApplication [restartedMain] Started FlightApplication in 11.266 seconds (JVM running for 12.333)
2020-06-17 11:35:51,527 INFO com.bootspringrest.example.controller.FlightController [http-nio-8081-exec-2] Someone tried to access the list of all flights!
2020-06-17 11:35:51,792 INFO com.bootspringrest.example.controller.FlightController [http-nio-8081-exec-2] Flight information is successfully sent!
2020-06-17 11:35:55,506 INFO com.bootspringrest.example.controller.FlightController [http-nio-8081-exec-3] Someone tried to access the details of flight with id=2
2020-06-17 11:35:55,507 INFO com.bootspringrest.example.controller.FlightController [http-nio-8081-exec-3] Flight info is successfully returned!
2020-06-17 11:35:59,569 INFO com.bootspringrest.example.controller.FlightController [http-nio-8081-exec-4] Someone tried to access the details of all fflights with type D
2020-06-17 11:35:59,587 INFO com.bootspringrest.example.controller.FlightController [http-nio-8081-exec-4] Flight info is successfully returned!
2020-06-17 11:36:05,195 INFO com.bootspringrest.example.controller.FlightController [http-nio-8081-exec-5] Someone tried to access the list of all flights going from HYD toMUM
2020-06-17 11:36:05,196 INFO com.bootspringrest.example.controller.FlightController [http-nio-8081-exec-5] Flight info is successfully returned!
2020-06-17 11:36:07,823 INFO com.bootspringrest.example.controller.FlightController [http-nio-8081-exec-6] Someone tried to access the details of all flights arriving to MUM
2020-06-17 11:36:07,824 INFO com.bootspringrest.example.controller.FlightController [http-nio-8081-exec-6] Flight info is successfully returned!
2020-06-17 11:36:11,379 INFO com.bootspringrest.example.controller.FlightController [http-nio-8081-exec-7] Someone tried to access the details of all flights departing from HYD
2020-06-17 11:36:11,401 INFO com.bootspringrest.example.controller.FlightController [http-nio-8081-exec-7] Flight info is successfully returned!
2020-06-17 12:27:15,597 INFO com.bootspringrest.example.FlightApplication [restartedMain] Starting FlightApplication on DESKTOP-RG42U6K with PID 28792 (C:\Users\pokas\workspace\SpringBoot-REST-API-master\target\classes started by pokas in C:\Users\pokas\workspace\SpringBoot-REST-API-master)
2020-06-17 12:27:15,598 DEBUG com.bootspringrest.example.FlightApplication [restartedMain] Running with Spring Boot v1.5.4.RELEASE, Spring v4.3.9.RELEASE
2020-06-17 12:27:15,599 INFO com.bootspringrest.example.FlightApplication [restartedMain] No active profile set, falling back to default profiles: default
2020-06-17 12:27:22,777 INFO com.bootspringrest.example.FlightApplication [restartedMain] Started FlightApplication in 7.383 seconds (JVM running for 7.908)
2020-06-17 12:29:04,082 INFO com.bootspringrest.example.controller.FlightController [http-nio-8081-exec-2] Someone tried to access the list of all flights!
2020-06-17 12:29:04,205 INFO com.bootspringrest.example.controller.FlightController [http-nio-8081-exec-2] Flight information is successfully sent!
2020-06-17 12:29:05,309 INFO com.bootspringrest.example.controller.FlightController [http-nio-8081-exec-3] Someone tried to access the list of all flights!
2020-06-17 12:29:05,314 INFO com.bootspringrest.example.controller.FlightController [http-nio-8081-exec-3] Flight information is successfully sent!
2020-06-17 12:29:06,064 INFO com.bootspringrest.example.controller.FlightController [http-nio-8081-exec-4] Someone tried to access the list of all flights!
2020-06-17 12:29:06,070 INFO com.bootspringrest.example.controller.FlightController [http-nio-8081-exec-4] Flight information is successfully sent!
2020-06-17 12:29:06,639 INFO com.bootspringrest.example.controller.FlightController [http-nio-8081-exec-5] Someone tried to access the list of all flights!
2020-06-17 12:29:06,649 INFO com.bootspringrest.example.controller.FlightController [http-nio-8081-exec-5] Flight information is successfully sent!
2020-06-17 22:51:03,193 INFO com.bootspringrest.example.FlightApplication [restartedMain] Starting FlightApplication on DESKTOP-RG42U6K with PID 8736 (C:\Users\pokas\workspace\SpringBoot-REST-API-master\target\classes started by pokas in C:\Users\pokas\workspace\SpringBoot-REST-API-master)
2020-06-17 22:51:03,197 DEBUG com.bootspringrest.example.FlightApplication [restartedMain] Running with Spring Boot v1.5.4.RELEASE, Spring v4.3.9.RELEASE
2020-06-17 22:51:03,198 INFO com.bootspringrest.example.FlightApplication [restartedMain] No active profile set, falling back to default profiles: default
2020-06-17 22:51:08,675 ERROR org.springframework.boot.diagnostics.LoggingFailureAnalysisReporter [restartedMain] 

***************************
APPLICATION FAILED TO START
***************************

Description:

Cannot determine embedded database driver class for database type NONE

Action:

If you want an embedded database please put a supported one on the classpath. If you have database settings to be loaded from a particular profile you may need to active it (no profiles are currently active).

2020-06-17 22:52:10,614 INFO com.bootspringrest.example.FlightApplication [restartedMain] Starting FlightApplication on DESKTOP-RG42U6K with PID 14372 (C:\Users\pokas\workspace\SpringBoot-REST-API-master\target\classes started by pokas in C:\Users\pokas\workspace\SpringBoot-REST-API-master)
2020-06-17 22:52:10,618 DEBUG com.bootspringrest.example.FlightApplication [restartedMain] Running with Spring Boot v1.5.4.RELEASE, Spring v4.3.9.RELEASE
2020-06-17 22:52:10,619 INFO com.bootspringrest.example.FlightApplication [restartedMain] No active profile set, falling back to default profiles: default
2020-06-17 22:52:20,935 INFO com.bootspringrest.example.FlightApplication [restartedMain] Started FlightApplication in 10.857 seconds (JVM running for 12.184)
2020-06-17 22:53:38,529 INFO com.bootspringrest.example.controller.FlightController [http-nio-8080-exec-1] Someone tried to access the list of all flights!
2020-06-17 22:53:38,658 ERROR org.hibernate.engine.jdbc.spi.SqlExceptionHelper [http-nio-8080-exec-1] Table 'test.flights' doesn't exist
2020-06-17 22:53:38,678 ERROR org.apache.catalina.core.ContainerBase.[Tomcat].[localhost].[/].[dispatcherServlet] [http-nio-8080-exec-1] Servlet.service() for servlet [dispatcherServlet] in context with path [] threw exception [Request processing failed; nested exception is org.springframework.dao.InvalidDataAccessResourceUsageException: could not extract ResultSet; SQL [n/a]; nested exception is org.hibernate.exception.SQLGrammarException: could not extract ResultSet] with root cause
java.sql.SQLSyntaxErrorException: Table 'test.flights' doesn't exist
	at com.mysql.cj.jdbc.exceptions.SQLError.createSQLException(SQLError.java:120)
	at com.mysql.cj.jdbc.exceptions.SQLError.createSQLException(SQLError.java:97)
	at com.mysql.cj.jdbc.exceptions.SQLExceptionsMapping.translateException(SQLExceptionsMapping.java:122)
	at com.mysql.cj.jdbc.ClientPreparedStatement.executeInternal(ClientPreparedStatement.java:953)
	at com.mysql.cj.jdbc.ClientPreparedStatement.executeQuery(ClientPreparedStatement.java:1003)
	at sun.reflect.NativeMethodAccessorImpl.invoke0(Native Method)
	at sun.reflect.NativeMethodAccessorImpl.invoke(NativeMethodAccessorImpl.java:62)
	at sun.reflect.DelegatingMethodAccessorImpl.invoke(DelegatingMethodAccessorImpl.java:43)
	at java.lang.reflect.Method.invoke(Method.java:498)
	at org.apache.tomcat.jdbc.pool.StatementFacade$StatementProxy.invoke(StatementFacade.java:114)
	at com.sun.proxy.$Proxy109.executeQuery(Unknown Source)
	at org.hibernate.engine.jdbc.internal.ResultSetReturnImpl.extract(ResultSetReturnImpl.java:70)
	at org.hibernate.loader.Loader.getResultSet(Loader.java:2117)
	at org.hibernate.loader.Loader.executeQueryStatement(Loader.java:1900)
	at org.hibernate.loader.Loader.executeQueryStatement(Loader.java:1876)
	at org.hibernate.loader.Loader.doQuery(Loader.java:919)
	at org.hibernate.loader.Loader.doQueryAndInitializeNonLazyCollections(Loader.java:336)
	at org.hibernate.loader.Loader.doList(Loader.java:2617)
	at org.hibernate.loader.Loader.doList(Loader.java:2600)
	at org.hibernate.loader.Loader.listIgnoreQueryCache(Loader.java:2429)
	at org.hibernate.loader.Loader.list(Loader.java:2424)
	at org.hibernate.loader.hql.QueryLoader.list(QueryLoader.java:501)
	at org.hibernate.hql.internal.ast.QueryTranslatorImpl.list(QueryTranslatorImpl.java:371)
	at org.hibernate.engine.query.spi.HQLQueryPlan.performList(HQLQueryPlan.java:216)
	at org.hibernate.internal.SessionImpl.list(SessionImpl.java:1326)
	at org.hibernate.internal.QueryImpl.list(QueryImpl.java:87)
	at org.hibernate.jpa.internal.QueryImpl.list(QueryImpl.java:606)
	at org.hibernate.jpa.internal.QueryImpl.getResultList(QueryImpl.java:483)
	at org.hibernate.jpa.criteria.compile.CriteriaQueryTypeQueryAdapter.getResultList(CriteriaQueryTypeQueryAdapter.java:50)
	at org.springframework.data.jpa.repository.support.SimpleJpaRepository.findAll(SimpleJpaRepository.java:329)
	at org.springframework.data.jpa.repository.support.SimpleJpaRepository.findAll(SimpleJpaRepository.java:74)
	at sun.reflect.NativeMethodAccessorImpl.invoke0(Native Method)
	at sun.reflect.NativeMethodAccessorImpl.invoke(NativeMethodAccessorImpl.java:62)
	at sun.reflect.DelegatingMethodAccessorImpl.invoke(DelegatingMethodAccessorImpl.java:43)
	at java.lang.reflect.Method.invoke(Method.java:498)
	at org.springframework.data.repository.core.support.RepositoryFactorySupport$QueryExecutorMethodInterceptor.executeMethodOn(RepositoryFactorySupport.java:504)
	at org.springframework.data.repository.core.support.RepositoryFactorySupport$QueryExecutorMethodInterceptor.doInvoke(RepositoryFactorySupport.java:489)
	at org.springframework.data.repository.core.support.RepositoryFactorySupport$QueryExecutorMethodInterceptor.invoke(RepositoryFactorySupport.java:461)
	at org.springframework.aop.framework.ReflectiveMethodInvocation.proceed(ReflectiveMethodInvocation.java:179)
	at org.springframework.data.projection.DefaultMethodInvokingMethodInterceptor.invoke(DefaultMethodInvokingMethodInterceptor.java:56)
	at org.springframework.aop.framework.ReflectiveMethodInvocation.proceed(ReflectiveMethodInvocation.java:179)
	at org.springframework.transaction.interceptor.TransactionInterceptor$1.proceedWithInvocation(TransactionInterceptor.java:99)
	at org.springframework.transaction.interceptor.TransactionAspectSupport.invokeWithinTransaction(TransactionAspectSupport.java:282)
	at org.springframework.transaction.interceptor.TransactionInterceptor.invoke(TransactionInterceptor.java:96)
	at org.springframework.aop.framework.ReflectiveMethodInvocation.proceed(ReflectiveMethodInvocation.java:179)
	at org.springframework.dao.support.PersistenceExceptionTranslationInterceptor.invoke(PersistenceExceptionTranslationInterceptor.java:136)
	at org.springframework.aop.framework.ReflectiveMethodInvocation.proceed(ReflectiveMethodInvocation.java:179)
	at org.springframework.data.jpa.repository.support.CrudMethodMetadataPostProcessor$CrudMethodMetadataPopulatingMethodInterceptor.invoke(CrudMethodMetadataPostProcessor.java:133)
	at org.springframework.aop.framework.ReflectiveMethodInvocation.proceed(ReflectiveMethodInvocation.java:179)
	at org.springframework.aop.interceptor.ExposeInvocationInterceptor.invoke(ExposeInvocationInterceptor.java:92)
	at org.springframework.aop.framework.ReflectiveMethodInvocation.proceed(ReflectiveMethodInvocation.java:179)
	at org.springframework.data.repository.core.support.SurroundingTransactionDetectorMethodInterceptor.invoke(SurroundingTransactionDetectorMethodInterceptor.java:57)
	at org.springframework.aop.framework.ReflectiveMethodInvocation.proceed(ReflectiveMethodInvocation.java:179)
	at org.springframework.aop.framework.JdkDynamicAopProxy.invoke(JdkDynamicAopProxy.java:213)
	at com.sun.proxy.$Proxy99.findAll(Unknown Source)
	at com.bootspringrest.example.dao.FlightDAO.findAll(FlightDAO.java:25)
	at com.bootspringrest.example.controller.FlightController.getAllFlights(FlightController.java:76)
	at sun.reflect.NativeMethodAccessorImpl.invoke0(Native Method)
	at sun.reflect.NativeMethodAccessorImpl.invoke(NativeMethodAccessorImpl.java:62)
	at sun.reflect.DelegatingMethodAccessorImpl.invoke(DelegatingMethodAccessorImpl.java:43)
	at java.lang.reflect.Method.invoke(Method.java:498)
	at org.springframework.web.method.support.InvocableHandlerMethod.doInvoke(InvocableHandlerMethod.java:205)
	at org.springframework.web.method.support.InvocableHandlerMethod.invokeForRequest(InvocableHandlerMethod.java:133)
	at org.springframework.web.servlet.mvc.method.annotation.ServletInvocableHandlerMethod.invokeAndHandle(ServletInvocableHandlerMethod.java:97)
	at org.springframework.web.servlet.mvc.method.annotation.RequestMappingHandlerAdapter.invokeHandlerMethod(RequestMappingHandlerAdapter.java:827)
	at org.springframework.web.servlet.mvc.method.annotation.RequestMappingHandlerAdapter.handleInternal(RequestMappingHandlerAdapter.java:738)
	at org.springframework.web.servlet.mvc.method.AbstractHandlerMethodAdapter.handle(AbstractHandlerMethodAdapter.java:85)
	at org.springframework.web.servlet.DispatcherServlet.doDispatch(DispatcherServlet.java:967)
	at org.springframework.web.servlet.DispatcherServlet.doService(DispatcherServlet.java:901)
	at org.springframework.web.servlet.FrameworkServlet.processRequest(FrameworkServlet.java:970)
	at org.springframework.web.servlet.FrameworkServlet.doGet(FrameworkServlet.java:861)
	at javax.servlet.http.HttpServlet.service(HttpServlet.java:635)
	at org.springframework.web.servlet.FrameworkServlet.service(FrameworkServlet.java:846)
	at javax.servlet.http.HttpServlet.service(HttpServlet.java:742)
	at org.apache.catalina.core.ApplicationFilterChain.internalDoFilter(ApplicationFilterChain.java:231)
	at org.apache.catalina.core.ApplicationFilterChain.doFilter(ApplicationFilterChain.java:166)
	at org.apache.tomcat.websocket.server.WsFilter.doFilter(WsFilter.java:52)
	at org.apache.catalina.core.ApplicationFilterChain.internalDoFilter(ApplicationFilterChain.java:193)
	at org.apache.catalina.core.ApplicationFilterChain.doFilter(ApplicationFilterChain.java:166)
	at org.springframework.web.filter.RequestContextFilter.doFilterInternal(RequestContextFilter.java:99)
	at org.springframework.web.filter.OncePerRequestFilter.doFilter(OncePerRequestFilter.java:107)
	at org.apache.catalina.core.ApplicationFilterChain.internalDoFilter(ApplicationFilterChain.java:193)
	at org.apache.catalina.core.ApplicationFilterChain.doFilter(ApplicationFilterChain.java:166)
	at org.springframework.web.filter.HttpPutFormContentFilter.doFilterInternal(HttpPutFormContentFilter.java:105)
	at org.springframework.web.filter.OncePerRequestFilter.doFilter(OncePerRequestFilter.java:107)
	at org.apache.catalina.core.ApplicationFilterChain.internalDoFilter(ApplicationFilterChain.java:193)
	at org.apache.catalina.core.ApplicationFilterChain.doFilter(ApplicationFilterChain.java:166)
	at org.springframework.web.filter.HiddenHttpMethodFilter.doFilterInternal(HiddenHttpMethodFilter.java:81)
	at org.springframework.web.filter.OncePerRequestFilter.doFilter(OncePerRequestFilter.java:107)
	at org.apache.catalina.core.ApplicationFilterChain.internalDoFilter(ApplicationFilterChain.java:193)
	at org.apache.catalina.core.ApplicationFilterChain.doFilter(ApplicationFilterChain.java:166)
	at org.springframework.web.filter.CharacterEncodingFilter.doFilterInternal(CharacterEncodingFilter.java:197)
	at org.springframework.web.filter.OncePerRequestFilter.doFilter(OncePerRequestFilter.java:107)
	at org.apache.catalina.core.ApplicationFilterChain.internalDoFilter(ApplicationFilterChain.java:193)
	at org.apache.catalina.core.ApplicationFilterChain.doFilter(ApplicationFilterChain.java:166)
	at org.apache.catalina.core.StandardWrapperValve.invoke(StandardWrapperValve.java:198)
	at org.apache.catalina.core.StandardContextValve.invoke(StandardContextValve.java:96)
	at org.apache.catalina.authenticator.AuthenticatorBase.invoke(AuthenticatorBase.java:478)
	at org.apache.catalina.core.StandardHostValve.invoke(StandardHostValve.java:140)
	at org.apache.catalina.valves.ErrorReportValve.invoke(ErrorReportValve.java:80)
	at org.apache.catalina.core.StandardEngineValve.invoke(StandardEngineValve.java:87)
	at org.apache.catalina.connector.CoyoteAdapter.service(CoyoteAdapter.java:342)
	at org.apache.coyote.http11.Http11Processor.service(Http11Processor.java:799)
	at org.apache.coyote.AbstractProcessorLight.process(AbstractProcessorLight.java:66)
	at org.apache.coyote.AbstractProtocol$ConnectionHandler.process(AbstractProtocol.java:861)
	at org.apache.tomcat.util.net.NioEndpoint$SocketProcessor.doRun(NioEndpoint.java:1455)
	at org.apache.tomcat.util.net.SocketProcessorBase.run(SocketProcessorBase.java:49)
	at java.util.concurrent.ThreadPoolExecutor.runWorker(ThreadPoolExecutor.java:1149)
	at java.util.concurrent.ThreadPoolExecutor$Worker.run(ThreadPoolExecutor.java:624)
	at org.apache.tomcat.util.threads.TaskThread$WrappingRunnable.run(TaskThread.java:61)
	at java.lang.Thread.run(Thread.java:748)
2020-06-17 22:54:17,810 INFO com.bootspringrest.example.FlightApplication [restartedMain] Starting FlightApplication on DESKTOP-RG42U6K with PID 8828 (C:\Users\pokas\workspace\SpringBoot-REST-API-master\target\classes started by pokas in C:\Users\pokas\workspace\SpringBoot-REST-API-master)
2020-06-17 22:54:17,816 DEBUG com.bootspringrest.example.FlightApplication [restartedMain] Running with Spring Boot v1.5.4.RELEASE, Spring v4.3.9.RELEASE
2020-06-17 22:54:17,817 INFO com.bootspringrest.example.FlightApplication [restartedMain] No active profile set, falling back to default profiles: default
