2020-06-16 22:26:14,532 [INFO] com.bootspringrest.example.FlightApplication [restartedMain] Starting FlightApplication on DESKTOP-RG42U6K with PID 16216 (C:\Users\pokas\workspace\SpringBoot-REST-API-master\target\classes started by pokas in C:\Users\pokas\workspace\SpringBoot-REST-API-master)
2020-06-16 22:26:14,533 [INFO] com.bootspringrest.example.FlightApplication [restartedMain] No active profile set, falling back to default profiles: default
2020-06-16 22:26:14,534 [INFO] org.springframework.boot.context.embedded.AnnotationConfigEmbeddedWebApplicationContext [restartedMain] Refreshing org.springframework.boot.context.embedded.AnnotationConfigEmbeddedWebApplicationContext@8e2f071: startup date [Tue Jun 16 22:26:14 IST 2020]; root of context hierarchy
2020-06-16 22:26:15,291 [INFO] org.springframework.boot.context.embedded.tomcat.TomcatEmbeddedServletContainer [restartedMain] Tomcat initialized with port(s): 8081 (http)
2020-06-16 22:26:15,292 [INFO] org.apache.catalina.core.StandardService [restartedMain] Starting service [Tomcat]
2020-06-16 22:26:15,292 [INFO] org.apache.catalina.core.StandardEngine [restartedMain] Starting Servlet Engine: Apache Tomcat/8.5.15
2020-06-16 22:26:15,308 [INFO] org.apache.catalina.core.ContainerBase.[Tomcat].[localhost].[/] [localhost-startStop-1] Initializing Spring embedded WebApplicationContext
2020-06-16 22:26:15,309 [INFO] org.springframework.web.context.ContextLoader [localhost-startStop-1] Root WebApplicationContext: initialization completed in 775 ms
2020-06-16 22:26:15,329 [INFO] org.springframework.boot.web.servlet.ServletRegistrationBean [localhost-startStop-1] Mapping servlet: 'dispatcherServlet' to [/]
2020-06-16 22:26:15,329 [INFO] org.springframework.boot.web.servlet.FilterRegistrationBean [localhost-startStop-1] Mapping filter: 'characterEncodingFilter' to: [/*]
2020-06-16 22:26:15,329 [INFO] org.springframework.boot.web.servlet.FilterRegistrationBean [localhost-startStop-1] Mapping filter: 'hiddenHttpMethodFilter' to: [/*]
2020-06-16 22:26:15,329 [INFO] org.springframework.boot.web.servlet.FilterRegistrationBean [localhost-startStop-1] Mapping filter: 'httpPutFormContentFilter' to: [/*]
2020-06-16 22:26:15,330 [INFO] org.springframework.boot.web.servlet.FilterRegistrationBean [localhost-startStop-1] Mapping filter: 'requestContextFilter' to: [/*]
2020-06-16 22:26:15,580 [INFO] org.springframework.orm.jpa.LocalContainerEntityManagerFactoryBean [restartedMain] Building JPA container EntityManagerFactory for persistence unit 'default'
2020-06-16 22:26:15,580 [INFO] org.hibernate.jpa.internal.util.LogHelper [restartedMain] HHH000204: Processing PersistenceUnitInfo [
	name: default
	...]
2020-06-16 22:26:15,602 [INFO] org.hibernate.dialect.Dialect [restartedMain] HHH000400: Using dialect: org.hibernate.dialect.MySQL5Dialect
2020-06-16 22:26:15,627 [INFO] org.springframework.orm.jpa.LocalContainerEntityManagerFactoryBean [restartedMain] Initialized JPA EntityManagerFactory for persistence unit 'default'
2020-06-16 22:26:15,664 [INFO] org.hibernate.hql.internal.QueryTranslatorFactoryInitiator [restartedMain] HHH000397: Using ASTQueryTranslatorFactory
2020-06-16 22:26:15,748 [INFO] org.springframework.web.servlet.mvc.method.annotation.RequestMappingHandlerAdapter [restartedMain] Looking for @ControllerAdvice: org.springframework.boot.context.embedded.AnnotationConfigEmbeddedWebApplicationContext@8e2f071: startup date [Tue Jun 16 22:26:14 IST 2020]; root of context hierarchy
2020-06-16 22:26:15,761 [INFO] org.springframework.web.servlet.mvc.method.annotation.RequestMappingHandlerMapping [restartedMain] Mapped "{[/FlightApi/flightInfo/departure/{departure}/arrival/{arrival}],methods=[GET]}" onto public java.util.List<com.bootspringrest.example.model.Flights> com.bootspringrest.example.controller.FlightController.getFlightByEndpoints(java.lang.String,java.lang.String)
2020-06-16 22:26:15,761 [INFO] org.springframework.web.servlet.mvc.method.annotation.RequestMappingHandlerMapping [restartedMain] Mapped "{[/FlightApi/flightInfo/arrival/{airport}],methods=[GET]}" onto public java.util.List<com.bootspringrest.example.model.Flights> com.bootspringrest.example.controller.FlightController.getFlightByArrApt(java.lang.String)
2020-06-16 22:26:15,761 [INFO] org.springframework.web.servlet.mvc.method.annotation.RequestMappingHandlerMapping [restartedMain] Mapped "{[/FlightApi/edit/{id}/deptapt/{airport}],methods=[PUT]}" onto public org.springframework.http.ResponseEntity<com.bootspringrest.example.model.Flights> com.bootspringrest.example.controller.FlightController.updatedeptApt(java.lang.Long,java.lang.String)
2020-06-16 22:26:15,762 [INFO] org.springframework.web.servlet.mvc.method.annotation.RequestMappingHandlerMapping [restartedMain] Mapped "{[/FlightApi/delflight/byid/{id}],methods=[DELETE]}" onto public org.springframework.http.ResponseEntity<com.bootspringrest.example.model.Flights> com.bootspringrest.example.controller.FlightController.deleteFlight(java.lang.Long)
2020-06-16 22:26:15,762 [INFO] org.springframework.web.servlet.mvc.method.annotation.RequestMappingHandlerMapping [restartedMain] Mapped "{[/FlightApi/addFlight],methods=[POST]}" onto public com.bootspringrest.example.model.Flights com.bootspringrest.example.controller.FlightController.createFlight(com.bootspringrest.example.model.Flights)
2020-06-16 22:26:15,762 [INFO] org.springframework.web.servlet.mvc.method.annotation.RequestMappingHandlerMapping [restartedMain] Mapped "{[/FlightApi/flightInfo],methods=[GET]}" onto public java.util.List<com.bootspringrest.example.model.Flights> com.bootspringrest.example.controller.FlightController.getAllFlights()
2020-06-16 22:26:15,762 [INFO] org.springframework.web.servlet.mvc.method.annotation.RequestMappingHandlerMapping [restartedMain] Mapped "{[/FlightApi/flightInfo/airport/{type}],methods=[GET]}" onto public java.util.List<com.bootspringrest.example.model.Flights> com.bootspringrest.example.controller.FlightController.getFlightByType(java.lang.String)
2020-06-16 22:26:15,762 [INFO] org.springframework.web.servlet.mvc.method.annotation.RequestMappingHandlerMapping [restartedMain] Mapped "{[/FlightApi/edit/{id}/price/{price}],methods=[PUT]}" onto public org.springframework.http.ResponseEntity<com.bootspringrest.example.model.Flights> com.bootspringrest.example.controller.FlightController.updatePrice(java.lang.Long,int)
2020-06-16 22:26:15,763 [INFO] org.springframework.web.servlet.mvc.method.annotation.RequestMappingHandlerMapping [restartedMain] Mapped "{[/FlightApi/edit/{id}/arr/{time}],methods=[PUT]}" onto public org.springframework.http.ResponseEntity<com.bootspringrest.example.model.Flights> com.bootspringrest.example.controller.FlightController.updatearrTime(java.lang.Long,java.lang.String)
2020-06-16 22:26:15,763 [INFO] org.springframework.web.servlet.mvc.method.annotation.RequestMappingHandlerMapping [restartedMain] Mapped "{[/FlightApi/edit/{id}/dept/{time}],methods=[PUT]}" onto public org.springframework.http.ResponseEntity<com.bootspringrest.example.model.Flights> com.bootspringrest.example.controller.FlightController.updatedeptTime(java.lang.Long,java.lang.String)
2020-06-16 22:26:15,763 [INFO] org.springframework.web.servlet.mvc.method.annotation.RequestMappingHandlerMapping [restartedMain] Mapped "{[/FlightApi/edit/{id}/arrapt/{airport}],methods=[PUT]}" onto public org.springframework.http.ResponseEntity<com.bootspringrest.example.model.Flights> com.bootspringrest.example.controller.FlightController.updatearrApt(java.lang.Long,java.lang.String)
2020-06-16 22:26:15,763 [INFO] org.springframework.web.servlet.mvc.method.annotation.RequestMappingHandlerMapping [restartedMain] Mapped "{[/FlightApi/addList],methods=[POST]}" onto public java.lang.String com.bootspringrest.example.controller.FlightController.createFlights(java.util.List<com.bootspringrest.example.model.Flights>)
2020-06-16 22:26:15,763 [INFO] org.springframework.web.servlet.mvc.method.annotation.RequestMappingHandlerMapping [restartedMain] Mapped "{[/FlightApi/flightInfo/{id}],methods=[GET]}" onto public org.springframework.http.ResponseEntity<com.bootspringrest.example.model.Flights> com.bootspringrest.example.controller.FlightController.getFlightsById(java.lang.Long)
2020-06-16 22:26:15,763 [INFO] org.springframework.web.servlet.mvc.method.annotation.RequestMappingHandlerMapping [restartedMain] Mapped "{[/FlightApi/flightInfo/departure/{airport}],methods=[GET]}" onto public java.util.List<com.bootspringrest.example.model.Flights> com.bootspringrest.example.controller.FlightController.getFlightByDeptApt(java.lang.String)
2020-06-16 22:26:15,764 [INFO] org.springframework.web.servlet.mvc.method.annotation.RequestMappingHandlerMapping [restartedMain] Mapped "{[/error]}" onto public org.springframework.http.ResponseEntity<java.util.Map<java.lang.String, java.lang.Object>> org.springframework.boot.autoconfigure.web.BasicErrorController.error(javax.servlet.http.HttpServletRequest)
2020-06-16 22:26:15,764 [INFO] org.springframework.web.servlet.mvc.method.annotation.RequestMappingHandlerMapping [restartedMain] Mapped "{[/error],produces=[text/html]}" onto public org.springframework.web.servlet.ModelAndView org.springframework.boot.autoconfigure.web.BasicErrorController.errorHtml(javax.servlet.http.HttpServletRequest,javax.servlet.http.HttpServletResponse)
2020-06-16 22:26:15,771 [INFO] org.springframework.web.servlet.handler.SimpleUrlHandlerMapping [restartedMain] Mapped URL path [/webjars/**] onto handler of type [class org.springframework.web.servlet.resource.ResourceHttpRequestHandler]
2020-06-16 22:26:15,771 [INFO] org.springframework.web.servlet.handler.SimpleUrlHandlerMapping [restartedMain] Mapped URL path [/**] onto handler of type [class org.springframework.web.servlet.resource.ResourceHttpRequestHandler]
2020-06-16 22:26:15,780 [INFO] org.springframework.web.servlet.handler.SimpleUrlHandlerMapping [restartedMain] Mapped URL path [/**/favicon.ico] onto handler of type [class org.springframework.web.servlet.resource.ResourceHttpRequestHandler]
2020-06-16 22:26:15,791 [WARN] org.springframework.boot.autoconfigure.thymeleaf.AbstractTemplateResolverConfiguration [restartedMain] Cannot find template location: classpath:/templates/ (please add some templates or check your Thymeleaf configuration)
2020-06-16 22:26:15,831 [INFO] org.springframework.boot.devtools.autoconfigure.OptionalLiveReloadServer [restartedMain] LiveReload server is running on port 35729
2020-06-16 22:26:15,858 [INFO] org.springframework.jmx.export.annotation.AnnotationMBeanExporter [restartedMain] Registering beans for JMX exposure on startup
2020-06-16 22:26:15,866 [INFO] org.springframework.boot.context.embedded.tomcat.TomcatEmbeddedServletContainer [restartedMain] Tomcat started on port(s): 8081 (http)
2020-06-16 22:26:15,868 [INFO] com.bootspringrest.example.FlightApplication [restartedMain] Started FlightApplication in 1.373 seconds (JVM running for 1764.76)
2020-06-16 22:28:09,948 [INFO] org.springframework.boot.context.embedded.AnnotationConfigEmbeddedWebApplicationContext [Thread-18] Closing org.springframework.boot.context.embedded.AnnotationConfigEmbeddedWebApplicationContext@8e2f071: startup date [Tue Jun 16 22:26:14 IST 2020]; root of context hierarchy
2020-06-16 22:28:09,950 [INFO] org.springframework.jmx.export.annotation.AnnotationMBeanExporter [Thread-18] Unregistering JMX-exposed beans on shutdown
2020-06-16 22:28:09,950 [INFO] org.springframework.orm.jpa.LocalContainerEntityManagerFactoryBean [Thread-18] Closing JPA EntityManagerFactory for persistence unit 'default'
2020-06-16 22:28:10,485 [INFO] com.bootspringrest.example.FlightApplication [restartedMain] Starting FlightApplication on DESKTOP-RG42U6K with PID 16216 (C:\Users\pokas\workspace\SpringBoot-REST-API-master\target\classes started by pokas in C:\Users\pokas\workspace\SpringBoot-REST-API-master)
2020-06-16 22:28:10,485 [DEBUG] com.bootspringrest.example.FlightApplication [restartedMain] Running with Spring Boot v1.5.4.RELEASE, Spring v4.3.9.RELEASE
2020-06-16 22:28:10,485 [INFO] com.bootspringrest.example.FlightApplication [restartedMain] No active profile set, falling back to default profiles: default
2020-06-16 22:28:10,489 [INFO] org.springframework.boot.context.embedded.AnnotationConfigEmbeddedWebApplicationContext [restartedMain] Refreshing org.springframework.boot.context.embedded.AnnotationConfigEmbeddedWebApplicationContext@2cad7f1c: startup date [Tue Jun 16 22:28:10 IST 2020]; root of context hierarchy
2020-06-16 22:28:11,007 [INFO] org.springframework.boot.context.embedded.tomcat.TomcatEmbeddedServletContainer [restartedMain] Tomcat initialized with port(s): 8081 (http)
2020-06-16 22:28:11,008 [INFO] org.apache.catalina.core.StandardService [restartedMain] Starting service [Tomcat]
2020-06-16 22:28:11,008 [INFO] org.apache.catalina.core.StandardEngine [restartedMain] Starting Servlet Engine: Apache Tomcat/8.5.15
2020-06-16 22:28:11,023 [INFO] org.apache.catalina.core.ContainerBase.[Tomcat].[localhost].[/] [localhost-startStop-1] Initializing Spring embedded WebApplicationContext
2020-06-16 22:28:11,024 [INFO] org.springframework.web.context.ContextLoader [localhost-startStop-1] Root WebApplicationContext: initialization completed in 535 ms
2020-06-16 22:28:11,049 [INFO] org.springframework.boot.web.servlet.ServletRegistrationBean [localhost-startStop-1] Mapping servlet: 'dispatcherServlet' to [/]
2020-06-16 22:28:11,050 [INFO] org.springframework.boot.web.servlet.FilterRegistrationBean [localhost-startStop-1] Mapping filter: 'characterEncodingFilter' to: [/*]
2020-06-16 22:28:11,051 [INFO] org.springframework.boot.web.servlet.FilterRegistrationBean [localhost-startStop-1] Mapping filter: 'hiddenHttpMethodFilter' to: [/*]
2020-06-16 22:28:11,051 [INFO] org.springframework.boot.web.servlet.FilterRegistrationBean [localhost-startStop-1] Mapping filter: 'httpPutFormContentFilter' to: [/*]
2020-06-16 22:28:11,051 [INFO] org.springframework.boot.web.servlet.FilterRegistrationBean [localhost-startStop-1] Mapping filter: 'requestContextFilter' to: [/*]
2020-06-16 22:28:11,319 [INFO] org.springframework.orm.jpa.LocalContainerEntityManagerFactoryBean [restartedMain] Building JPA container EntityManagerFactory for persistence unit 'default'
2020-06-16 22:28:11,319 [INFO] org.hibernate.jpa.internal.util.LogHelper [restartedMain] HHH000204: Processing PersistenceUnitInfo [
	name: default
	...]
2020-06-16 22:28:11,331 [INFO] org.hibernate.dialect.Dialect [restartedMain] HHH000400: Using dialect: org.hibernate.dialect.MySQL5Dialect
2020-06-16 22:28:11,363 [INFO] org.springframework.orm.jpa.LocalContainerEntityManagerFactoryBean [restartedMain] Initialized JPA EntityManagerFactory for persistence unit 'default'
2020-06-16 22:28:11,405 [INFO] org.hibernate.hql.internal.QueryTranslatorFactoryInitiator [restartedMain] HHH000397: Using ASTQueryTranslatorFactory
2020-06-16 22:28:11,499 [INFO] org.springframework.web.servlet.mvc.method.annotation.RequestMappingHandlerAdapter [restartedMain] Looking for @ControllerAdvice: org.springframework.boot.context.embedded.AnnotationConfigEmbeddedWebApplicationContext@2cad7f1c: startup date [Tue Jun 16 22:28:10 IST 2020]; root of context hierarchy
2020-06-16 22:28:11,509 [INFO] org.springframework.web.servlet.mvc.method.annotation.RequestMappingHandlerMapping [restartedMain] Mapped "{[/FlightApi/flightInfo/departure/{departure}/arrival/{arrival}],methods=[GET]}" onto public java.util.List<com.bootspringrest.example.model.Flights> com.bootspringrest.example.controller.FlightController.getFlightByEndpoints(java.lang.String,java.lang.String)
2020-06-16 22:28:11,510 [INFO] org.springframework.web.servlet.mvc.method.annotation.RequestMappingHandlerMapping [restartedMain] Mapped "{[/FlightApi/flightInfo/arrival/{airport}],methods=[GET]}" onto public java.util.List<com.bootspringrest.example.model.Flights> com.bootspringrest.example.controller.FlightController.getFlightByArrApt(java.lang.String)
2020-06-16 22:28:11,510 [INFO] org.springframework.web.servlet.mvc.method.annotation.RequestMappingHandlerMapping [restartedMain] Mapped "{[/FlightApi/edit/{id}/deptapt/{airport}],methods=[PUT]}" onto public org.springframework.http.ResponseEntity<com.bootspringrest.example.model.Flights> com.bootspringrest.example.controller.FlightController.updatedeptApt(java.lang.Long,java.lang.String)
2020-06-16 22:28:11,510 [INFO] org.springframework.web.servlet.mvc.method.annotation.RequestMappingHandlerMapping [restartedMain] Mapped "{[/FlightApi/delflight/byid/{id}],methods=[DELETE]}" onto public org.springframework.http.ResponseEntity<com.bootspringrest.example.model.Flights> com.bootspringrest.example.controller.FlightController.deleteFlight(java.lang.Long)
2020-06-16 22:28:11,510 [INFO] org.springframework.web.servlet.mvc.method.annotation.RequestMappingHandlerMapping [restartedMain] Mapped "{[/FlightApi/addFlight],methods=[POST]}" onto public com.bootspringrest.example.model.Flights com.bootspringrest.example.controller.FlightController.createFlight(com.bootspringrest.example.model.Flights)
2020-06-16 22:28:11,511 [INFO] org.springframework.web.servlet.mvc.method.annotation.RequestMappingHandlerMapping [restartedMain] Mapped "{[/FlightApi/flightInfo],methods=[GET]}" onto public java.util.List<com.bootspringrest.example.model.Flights> com.bootspringrest.example.controller.FlightController.getAllFlights()
2020-06-16 22:28:11,511 [INFO] org.springframework.web.servlet.mvc.method.annotation.RequestMappingHandlerMapping [restartedMain] Mapped "{[/FlightApi/flightInfo/airport/{type}],methods=[GET]}" onto public java.util.List<com.bootspringrest.example.model.Flights> com.bootspringrest.example.controller.FlightController.getFlightByType(java.lang.String)
2020-06-16 22:28:11,511 [INFO] org.springframework.web.servlet.mvc.method.annotation.RequestMappingHandlerMapping [restartedMain] Mapped "{[/FlightApi/edit/{id}/price/{price}],methods=[PUT]}" onto public org.springframework.http.ResponseEntity<com.bootspringrest.example.model.Flights> com.bootspringrest.example.controller.FlightController.updatePrice(java.lang.Long,int)
2020-06-16 22:28:11,511 [INFO] org.springframework.web.servlet.mvc.method.annotation.RequestMappingHandlerMapping [restartedMain] Mapped "{[/FlightApi/edit/{id}/arr/{time}],methods=[PUT]}" onto public org.springframework.http.ResponseEntity<com.bootspringrest.example.model.Flights> com.bootspringrest.example.controller.FlightController.updatearrTime(java.lang.Long,java.lang.String)
2020-06-16 22:28:11,511 [INFO] org.springframework.web.servlet.mvc.method.annotation.RequestMappingHandlerMapping [restartedMain] Mapped "{[/FlightApi/edit/{id}/dept/{time}],methods=[PUT]}" onto public org.springframework.http.ResponseEntity<com.bootspringrest.example.model.Flights> com.bootspringrest.example.controller.FlightController.updatedeptTime(java.lang.Long,java.lang.String)
2020-06-16 22:28:11,511 [INFO] org.springframework.web.servlet.mvc.method.annotation.RequestMappingHandlerMapping [restartedMain] Mapped "{[/FlightApi/edit/{id}/arrapt/{airport}],methods=[PUT]}" onto public org.springframework.http.ResponseEntity<com.bootspringrest.example.model.Flights> com.bootspringrest.example.controller.FlightController.updatearrApt(java.lang.Long,java.lang.String)
2020-06-16 22:28:11,512 [INFO] org.springframework.web.servlet.mvc.method.annotation.RequestMappingHandlerMapping [restartedMain] Mapped "{[/FlightApi/addList],methods=[POST]}" onto public java.lang.String com.bootspringrest.example.controller.FlightController.createFlights(java.util.List<com.bootspringrest.example.model.Flights>)
2020-06-16 22:28:11,512 [INFO] org.springframework.web.servlet.mvc.method.annotation.RequestMappingHandlerMapping [restartedMain] Mapped "{[/FlightApi/flightInfo/{id}],methods=[GET]}" onto public org.springframework.http.ResponseEntity<com.bootspringrest.example.model.Flights> com.bootspringrest.example.controller.FlightController.getFlightsById(java.lang.Long)
2020-06-16 22:28:11,512 [INFO] org.springframework.web.servlet.mvc.method.annotation.RequestMappingHandlerMapping [restartedMain] Mapped "{[/FlightApi/flightInfo/departure/{airport}],methods=[GET]}" onto public java.util.List<com.bootspringrest.example.model.Flights> com.bootspringrest.example.controller.FlightController.getFlightByDeptApt(java.lang.String)
2020-06-16 22:28:11,513 [INFO] org.springframework.web.servlet.mvc.method.annotation.RequestMappingHandlerMapping [restartedMain] Mapped "{[/error]}" onto public org.springframework.http.ResponseEntity<java.util.Map<java.lang.String, java.lang.Object>> org.springframework.boot.autoconfigure.web.BasicErrorController.error(javax.servlet.http.HttpServletRequest)
2020-06-16 22:28:11,513 [INFO] org.springframework.web.servlet.mvc.method.annotation.RequestMappingHandlerMapping [restartedMain] Mapped "{[/error],produces=[text/html]}" onto public org.springframework.web.servlet.ModelAndView org.springframework.boot.autoconfigure.web.BasicErrorController.errorHtml(javax.servlet.http.HttpServletRequest,javax.servlet.http.HttpServletResponse)
2020-06-16 22:28:11,516 [INFO] org.springframework.web.servlet.handler.SimpleUrlHandlerMapping [restartedMain] Mapped URL path [/webjars/**] onto handler of type [class org.springframework.web.servlet.resource.ResourceHttpRequestHandler]
2020-06-16 22:28:11,517 [INFO] org.springframework.web.servlet.handler.SimpleUrlHandlerMapping [restartedMain] Mapped URL path [/**] onto handler of type [class org.springframework.web.servlet.resource.ResourceHttpRequestHandler]
2020-06-16 22:28:11,525 [INFO] org.springframework.web.servlet.handler.SimpleUrlHandlerMapping [restartedMain] Mapped URL path [/**/favicon.ico] onto handler of type [class org.springframework.web.servlet.resource.ResourceHttpRequestHandler]
2020-06-16 22:28:11,532 [WARN] org.springframework.boot.autoconfigure.thymeleaf.AbstractTemplateResolverConfiguration [restartedMain] Cannot find template location: classpath:/templates/ (please add some templates or check your Thymeleaf configuration)
2020-06-16 22:28:11,572 [INFO] org.springframework.boot.devtools.autoconfigure.OptionalLiveReloadServer [restartedMain] LiveReload server is running on port 35729
2020-06-16 22:28:11,595 [INFO] org.springframework.jmx.export.annotation.AnnotationMBeanExporter [restartedMain] Registering beans for JMX exposure on startup
2020-06-16 22:28:11,608 [INFO] org.springframework.boot.context.embedded.tomcat.TomcatEmbeddedServletContainer [restartedMain] Tomcat started on port(s): 8081 (http)
2020-06-16 22:28:11,610 [INFO] com.bootspringrest.example.FlightApplication [restartedMain] Started FlightApplication in 1.163 seconds (JVM running for 1880.502)
2020-06-16 22:31:06,459 [INFO] com.bootspringrest.example.FlightApplication [restartedMain] Starting FlightApplication on DESKTOP-RG42U6K with PID 15340 (C:\Users\pokas\workspace\SpringBoot-REST-API-master\target\classes started by pokas in C:\Users\pokas\workspace\SpringBoot-REST-API-master)
2020-06-16 22:31:06,460 [DEBUG] com.bootspringrest.example.FlightApplication [restartedMain] Running with Spring Boot v1.5.4.RELEASE, Spring v4.3.9.RELEASE
2020-06-16 22:31:06,460 [INFO] com.bootspringrest.example.FlightApplication [restartedMain] No active profile set, falling back to default profiles: default
2020-06-16 22:31:06,657 [INFO] org.springframework.boot.context.embedded.AnnotationConfigEmbeddedWebApplicationContext [restartedMain] Refreshing org.springframework.boot.context.embedded.AnnotationConfigEmbeddedWebApplicationContext@714d73f2: startup date [Tue Jun 16 22:31:06 IST 2020]; root of context hierarchy
2020-06-16 22:31:08,377 [INFO] org.springframework.boot.context.embedded.tomcat.TomcatEmbeddedServletContainer [restartedMain] Tomcat initialized with port(s): 8081 (http)
2020-06-16 22:31:08,388 [INFO] org.apache.catalina.core.StandardService [restartedMain] Starting service [Tomcat]
2020-06-16 22:31:08,389 [INFO] org.apache.catalina.core.StandardEngine [restartedMain] Starting Servlet Engine: Apache Tomcat/8.5.15
2020-06-16 22:31:08,475 [INFO] org.apache.catalina.core.ContainerBase.[Tomcat].[localhost].[/] [localhost-startStop-1] Initializing Spring embedded WebApplicationContext
2020-06-16 22:31:08,475 [INFO] org.springframework.web.context.ContextLoader [localhost-startStop-1] Root WebApplicationContext: initialization completed in 1821 ms
2020-06-16 22:31:08,602 [INFO] org.springframework.boot.web.servlet.ServletRegistrationBean [localhost-startStop-1] Mapping servlet: 'dispatcherServlet' to [/]
2020-06-16 22:31:08,605 [INFO] org.springframework.boot.web.servlet.FilterRegistrationBean [localhost-startStop-1] Mapping filter: 'characterEncodingFilter' to: [/*]
2020-06-16 22:31:08,606 [INFO] org.springframework.boot.web.servlet.FilterRegistrationBean [localhost-startStop-1] Mapping filter: 'hiddenHttpMethodFilter' to: [/*]
2020-06-16 22:31:08,606 [INFO] org.springframework.boot.web.servlet.FilterRegistrationBean [localhost-startStop-1] Mapping filter: 'httpPutFormContentFilter' to: [/*]
2020-06-16 22:31:08,606 [INFO] org.springframework.boot.web.servlet.FilterRegistrationBean [localhost-startStop-1] Mapping filter: 'requestContextFilter' to: [/*]
2020-06-16 22:31:09,821 [INFO] org.springframework.orm.jpa.LocalContainerEntityManagerFactoryBean [restartedMain] Building JPA container EntityManagerFactory for persistence unit 'default'
2020-06-16 22:31:09,837 [INFO] org.hibernate.jpa.internal.util.LogHelper [restartedMain] HHH000204: Processing PersistenceUnitInfo [
	name: default
	...]
2020-06-16 22:31:09,921 [INFO] org.hibernate.Version [restartedMain] HHH000412: Hibernate Core {5.0.12.Final}
2020-06-16 22:31:09,922 [INFO] org.hibernate.cfg.Environment [restartedMain] HHH000206: hibernate.properties not found
2020-06-16 22:31:09,923 [INFO] org.hibernate.cfg.Environment [restartedMain] HHH000021: Bytecode provider name : javassist
2020-06-16 22:31:09,962 [INFO] org.hibernate.annotations.common.Version [restartedMain] HCANN000001: Hibernate Commons Annotations {5.0.1.Final}
2020-06-16 22:31:10,071 [INFO] org.hibernate.dialect.Dialect [restartedMain] HHH000400: Using dialect: org.hibernate.dialect.MySQL5Dialect
2020-06-16 22:31:10,583 [INFO] org.springframework.orm.jpa.LocalContainerEntityManagerFactoryBean [restartedMain] Initialized JPA EntityManagerFactory for persistence unit 'default'
2020-06-16 22:31:10,804 [INFO] org.hibernate.hql.internal.QueryTranslatorFactoryInitiator [restartedMain] HHH000397: Using ASTQueryTranslatorFactory
2020-06-16 22:31:11,186 [INFO] org.springframework.web.servlet.mvc.method.annotation.RequestMappingHandlerAdapter [restartedMain] Looking for @ControllerAdvice: org.springframework.boot.context.embedded.AnnotationConfigEmbeddedWebApplicationContext@714d73f2: startup date [Tue Jun 16 22:31:06 IST 2020]; root of context hierarchy
2020-06-16 22:31:11,260 [INFO] org.springframework.web.servlet.mvc.method.annotation.RequestMappingHandlerMapping [restartedMain] Mapped "{[/FlightApi/flightInfo/arrival/{airport}],methods=[GET]}" onto public java.util.List<com.bootspringrest.example.model.Flights> com.bootspringrest.example.controller.FlightController.getFlightByArrApt(java.lang.String)
2020-06-16 22:31:11,261 [INFO] org.springframework.web.servlet.mvc.method.annotation.RequestMappingHandlerMapping [restartedMain] Mapped "{[/FlightApi/flightInfo/departure/{departure}/arrival/{arrival}],methods=[GET]}" onto public java.util.List<com.bootspringrest.example.model.Flights> com.bootspringrest.example.controller.FlightController.getFlightByEndpoints(java.lang.String,java.lang.String)
2020-06-16 22:31:11,262 [INFO] org.springframework.web.servlet.mvc.method.annotation.RequestMappingHandlerMapping [restartedMain] Mapped "{[/FlightApi/flightInfo/departure/{airport}],methods=[GET]}" onto public java.util.List<com.bootspringrest.example.model.Flights> com.bootspringrest.example.controller.FlightController.getFlightByDeptApt(java.lang.String)
2020-06-16 22:31:11,262 [INFO] org.springframework.web.servlet.mvc.method.annotation.RequestMappingHandlerMapping [restartedMain] Mapped "{[/FlightApi/flightInfo/{id}],methods=[GET]}" onto public org.springframework.http.ResponseEntity<com.bootspringrest.example.model.Flights> com.bootspringrest.example.controller.FlightController.getFlightsById(java.lang.Long)
2020-06-16 22:31:11,262 [INFO] org.springframework.web.servlet.mvc.method.annotation.RequestMappingHandlerMapping [restartedMain] Mapped "{[/FlightApi/edit/{id}/arr/{time}],methods=[PUT]}" onto public org.springframework.http.ResponseEntity<com.bootspringrest.example.model.Flights> com.bootspringrest.example.controller.FlightController.updatearrTime(java.lang.Long,java.lang.String)
2020-06-16 22:31:11,263 [INFO] org.springframework.web.servlet.mvc.method.annotation.RequestMappingHandlerMapping [restartedMain] Mapped "{[/FlightApi/delflight/byid/{id}],methods=[DELETE]}" onto public org.springframework.http.ResponseEntity<com.bootspringrest.example.model.Flights> com.bootspringrest.example.controller.FlightController.deleteFlight(java.lang.Long)
2020-06-16 22:31:11,263 [INFO] org.springframework.web.servlet.mvc.method.annotation.RequestMappingHandlerMapping [restartedMain] Mapped "{[/FlightApi/edit/{id}/price/{price}],methods=[PUT]}" onto public org.springframework.http.ResponseEntity<com.bootspringrest.example.model.Flights> com.bootspringrest.example.controller.FlightController.updatePrice(java.lang.Long,int)
2020-06-16 22:31:11,263 [INFO] org.springframework.web.servlet.mvc.method.annotation.RequestMappingHandlerMapping [restartedMain] Mapped "{[/FlightApi/edit/{id}/arrapt/{airport}],methods=[PUT]}" onto public org.springframework.http.ResponseEntity<com.bootspringrest.example.model.Flights> com.bootspringrest.example.controller.FlightController.updatearrApt(java.lang.Long,java.lang.String)
2020-06-16 22:31:11,264 [INFO] org.springframework.web.servlet.mvc.method.annotation.RequestMappingHandlerMapping [restartedMain] Mapped "{[/FlightApi/flightInfo],methods=[GET]}" onto public java.util.List<com.bootspringrest.example.model.Flights> com.bootspringrest.example.controller.FlightController.getAllFlights()
2020-06-16 22:31:11,264 [INFO] org.springframework.web.servlet.mvc.method.annotation.RequestMappingHandlerMapping [restartedMain] Mapped "{[/FlightApi/flightInfo/airport/{type}],methods=[GET]}" onto public java.util.List<com.bootspringrest.example.model.Flights> com.bootspringrest.example.controller.FlightController.getFlightByType(java.lang.String)
2020-06-16 22:31:11,264 [INFO] org.springframework.web.servlet.mvc.method.annotation.RequestMappingHandlerMapping [restartedMain] Mapped "{[/FlightApi/edit/{id}/deptapt/{airport}],methods=[PUT]}" onto public org.springframework.http.ResponseEntity<com.bootspringrest.example.model.Flights> com.bootspringrest.example.controller.FlightController.updatedeptApt(java.lang.Long,java.lang.String)
2020-06-16 22:31:11,264 [INFO] org.springframework.web.servlet.mvc.method.annotation.RequestMappingHandlerMapping [restartedMain] Mapped "{[/FlightApi/addList],methods=[POST]}" onto public java.lang.String com.bootspringrest.example.controller.FlightController.createFlights(java.util.List<com.bootspringrest.example.model.Flights>)
2020-06-16 22:31:11,265 [INFO] org.springframework.web.servlet.mvc.method.annotation.RequestMappingHandlerMapping [restartedMain] Mapped "{[/FlightApi/edit/{id}/dept/{time}],methods=[PUT]}" onto public org.springframework.http.ResponseEntity<com.bootspringrest.example.model.Flights> com.bootspringrest.example.controller.FlightController.updatedeptTime(java.lang.Long,java.lang.String)
2020-06-16 22:31:11,265 [INFO] org.springframework.web.servlet.mvc.method.annotation.RequestMappingHandlerMapping [restartedMain] Mapped "{[/FlightApi/addFlight],methods=[POST]}" onto public com.bootspringrest.example.model.Flights com.bootspringrest.example.controller.FlightController.createFlight(com.bootspringrest.example.model.Flights)
2020-06-16 22:31:11,266 [INFO] org.springframework.web.servlet.mvc.method.annotation.RequestMappingHandlerMapping [restartedMain] Mapped "{[/error]}" onto public org.springframework.http.ResponseEntity<java.util.Map<java.lang.String, java.lang.Object>> org.springframework.boot.autoconfigure.web.BasicErrorController.error(javax.servlet.http.HttpServletRequest)
2020-06-16 22:31:11,267 [INFO] org.springframework.web.servlet.mvc.method.annotation.RequestMappingHandlerMapping [restartedMain] Mapped "{[/error],produces=[text/html]}" onto public org.springframework.web.servlet.ModelAndView org.springframework.boot.autoconfigure.web.BasicErrorController.errorHtml(javax.servlet.http.HttpServletRequest,javax.servlet.http.HttpServletResponse)
2020-06-16 22:31:11,291 [INFO] org.springframework.web.servlet.handler.SimpleUrlHandlerMapping [restartedMain] Mapped URL path [/webjars/**] onto handler of type [class org.springframework.web.servlet.resource.ResourceHttpRequestHandler]
2020-06-16 22:31:11,292 [INFO] org.springframework.web.servlet.handler.SimpleUrlHandlerMapping [restartedMain] Mapped URL path [/**] onto handler of type [class org.springframework.web.servlet.resource.ResourceHttpRequestHandler]
2020-06-16 22:31:11,325 [INFO] org.springframework.web.servlet.handler.SimpleUrlHandlerMapping [restartedMain] Mapped URL path [/**/favicon.ico] onto handler of type [class org.springframework.web.servlet.resource.ResourceHttpRequestHandler]
2020-06-16 22:31:11,362 [WARN] org.springframework.boot.autoconfigure.thymeleaf.AbstractTemplateResolverConfiguration [restartedMain] Cannot find template location: classpath:/templates/ (please add some templates or check your Thymeleaf configuration)
2020-06-16 22:31:11,784 [INFO] org.springframework.boot.devtools.autoconfigure.OptionalLiveReloadServer [restartedMain] LiveReload server is running on port 35729
2020-06-16 22:31:11,820 [INFO] org.springframework.jmx.export.annotation.AnnotationMBeanExporter [restartedMain] Registering beans for JMX exposure on startup
2020-06-16 22:31:11,880 [INFO] org.springframework.boot.context.embedded.tomcat.TomcatEmbeddedServletContainer [restartedMain] Tomcat started on port(s): 8081 (http)
2020-06-16 22:31:11,885 [INFO] com.bootspringrest.example.FlightApplication [restartedMain] Started FlightApplication in 5.667 seconds (JVM running for 6.066)
2020-06-16 22:31:17,604 [INFO] org.apache.catalina.core.ContainerBase.[Tomcat].[localhost].[/] [http-nio-8081-exec-2] Initializing Spring FrameworkServlet 'dispatcherServlet'
2020-06-16 22:31:17,604 [INFO] org.springframework.web.servlet.DispatcherServlet [http-nio-8081-exec-2] FrameworkServlet 'dispatcherServlet': initialization started
2020-06-16 22:31:17,626 [INFO] org.springframework.web.servlet.DispatcherServlet [http-nio-8081-exec-2] FrameworkServlet 'dispatcherServlet': initialization completed in 21 ms
2020-06-16 22:31:41,350 [INFO] org.springframework.boot.context.embedded.AnnotationConfigEmbeddedWebApplicationContext [Thread-7] Closing org.springframework.boot.context.embedded.AnnotationConfigEmbeddedWebApplicationContext@714d73f2: startup date [Tue Jun 16 22:31:06 IST 2020]; root of context hierarchy
2020-06-16 22:31:41,353 [INFO] org.springframework.jmx.export.annotation.AnnotationMBeanExporter [Thread-7] Unregistering JMX-exposed beans on shutdown
2020-06-16 22:31:41,355 [INFO] org.springframework.orm.jpa.LocalContainerEntityManagerFactoryBean [Thread-7] Closing JPA EntityManagerFactory for persistence unit 'default'
2020-06-16 22:31:41,802 [INFO] com.bootspringrest.example.FlightApplication [restartedMain] Starting FlightApplication on DESKTOP-RG42U6K with PID 15340 (C:\Users\pokas\workspace\SpringBoot-REST-API-master\target\classes started by pokas in C:\Users\pokas\workspace\SpringBoot-REST-API-master)
2020-06-16 22:31:41,802 [DEBUG] com.bootspringrest.example.FlightApplication [restartedMain] Running with Spring Boot v1.5.4.RELEASE, Spring v4.3.9.RELEASE
2020-06-16 22:31:41,803 [INFO] com.bootspringrest.example.FlightApplication [restartedMain] No active profile set, falling back to default profiles: default
2020-06-16 22:31:41,805 [INFO] org.springframework.boot.context.embedded.AnnotationConfigEmbeddedWebApplicationContext [restartedMain] Refreshing org.springframework.boot.context.embedded.AnnotationConfigEmbeddedWebApplicationContext@6255e279: startup date [Tue Jun 16 22:31:41 IST 2020]; root of context hierarchy
2020-06-16 22:31:42,415 [INFO] org.springframework.boot.context.embedded.tomcat.TomcatEmbeddedServletContainer [restartedMain] Tomcat initialized with port(s): 8081 (http)
2020-06-16 22:31:42,416 [INFO] org.apache.catalina.core.StandardService [restartedMain] Starting service [Tomcat]
2020-06-16 22:31:42,416 [INFO] org.apache.catalina.core.StandardEngine [restartedMain] Starting Servlet Engine: Apache Tomcat/8.5.15
2020-06-16 22:31:42,430 [INFO] org.apache.catalina.core.ContainerBase.[Tomcat].[localhost].[/] [localhost-startStop-1] Initializing Spring embedded WebApplicationContext
2020-06-16 22:31:42,431 [INFO] org.springframework.web.context.ContextLoader [localhost-startStop-1] Root WebApplicationContext: initialization completed in 626 ms
2020-06-16 22:31:42,456 [INFO] org.springframework.boot.web.servlet.ServletRegistrationBean [localhost-startStop-1] Mapping servlet: 'dispatcherServlet' to [/]
2020-06-16 22:31:42,456 [INFO] org.springframework.boot.web.servlet.FilterRegistrationBean [localhost-startStop-1] Mapping filter: 'characterEncodingFilter' to: [/*]
2020-06-16 22:31:42,456 [INFO] org.springframework.boot.web.servlet.FilterRegistrationBean [localhost-startStop-1] Mapping filter: 'hiddenHttpMethodFilter' to: [/*]
2020-06-16 22:31:42,457 [INFO] org.springframework.boot.web.servlet.FilterRegistrationBean [localhost-startStop-1] Mapping filter: 'httpPutFormContentFilter' to: [/*]
2020-06-16 22:31:42,457 [INFO] org.springframework.boot.web.servlet.FilterRegistrationBean [localhost-startStop-1] Mapping filter: 'requestContextFilter' to: [/*]
2020-06-16 22:31:42,679 [INFO] org.springframework.orm.jpa.LocalContainerEntityManagerFactoryBean [restartedMain] Building JPA container EntityManagerFactory for persistence unit 'default'
2020-06-16 22:31:42,679 [INFO] org.hibernate.jpa.internal.util.LogHelper [restartedMain] HHH000204: Processing PersistenceUnitInfo [
	name: default
	...]
2020-06-16 22:31:42,690 [INFO] org.hibernate.dialect.Dialect [restartedMain] HHH000400: Using dialect: org.hibernate.dialect.MySQL5Dialect
2020-06-16 22:31:42,715 [INFO] org.springframework.orm.jpa.LocalContainerEntityManagerFactoryBean [restartedMain] Initialized JPA EntityManagerFactory for persistence unit 'default'
2020-06-16 22:31:42,748 [INFO] org.hibernate.hql.internal.QueryTranslatorFactoryInitiator [restartedMain] HHH000397: Using ASTQueryTranslatorFactory
2020-06-16 22:31:42,843 [INFO] org.springframework.web.servlet.mvc.method.annotation.RequestMappingHandlerAdapter [restartedMain] Looking for @ControllerAdvice: org.springframework.boot.context.embedded.AnnotationConfigEmbeddedWebApplicationContext@6255e279: startup date [Tue Jun 16 22:31:41 IST 2020]; root of context hierarchy
2020-06-16 22:31:42,854 [INFO] org.springframework.web.servlet.mvc.method.annotation.RequestMappingHandlerMapping [restartedMain] Mapped "{[/FlightApi/flightInfo/arrival/{airport}],methods=[GET]}" onto public java.util.List<com.bootspringrest.example.model.Flights> com.bootspringrest.example.controller.FlightController.getFlightByArrApt(java.lang.String)
2020-06-16 22:31:42,854 [INFO] org.springframework.web.servlet.mvc.method.annotation.RequestMappingHandlerMapping [restartedMain] Mapped "{[/FlightApi/flightInfo/departure/{departure}/arrival/{arrival}],methods=[GET]}" onto public java.util.List<com.bootspringrest.example.model.Flights> com.bootspringrest.example.controller.FlightController.getFlightByEndpoints(java.lang.String,java.lang.String)
2020-06-16 22:31:42,854 [INFO] org.springframework.web.servlet.mvc.method.annotation.RequestMappingHandlerMapping [restartedMain] Mapped "{[/FlightApi/flightInfo/departure/{airport}],methods=[GET]}" onto public java.util.List<com.bootspringrest.example.model.Flights> com.bootspringrest.example.controller.FlightController.getFlightByDeptApt(java.lang.String)
2020-06-16 22:31:42,854 [INFO] org.springframework.web.servlet.mvc.method.annotation.RequestMappingHandlerMapping [restartedMain] Mapped "{[/FlightApi/flightInfo/{id}],methods=[GET]}" onto public org.springframework.http.ResponseEntity<com.bootspringrest.example.model.Flights> com.bootspringrest.example.controller.FlightController.getFlightsById(java.lang.Long)
2020-06-16 22:31:42,855 [INFO] org.springframework.web.servlet.mvc.method.annotation.RequestMappingHandlerMapping [restartedMain] Mapped "{[/FlightApi/edit/{id}/arr/{time}],methods=[PUT]}" onto public org.springframework.http.ResponseEntity<com.bootspringrest.example.model.Flights> com.bootspringrest.example.controller.FlightController.updatearrTime(java.lang.Long,java.lang.String)
2020-06-16 22:31:42,855 [INFO] org.springframework.web.servlet.mvc.method.annotation.RequestMappingHandlerMapping [restartedMain] Mapped "{[/FlightApi/delflight/byid/{id}],methods=[DELETE]}" onto public org.springframework.http.ResponseEntity<com.bootspringrest.example.model.Flights> com.bootspringrest.example.controller.FlightController.deleteFlight(java.lang.Long)
2020-06-16 22:31:42,855 [INFO] org.springframework.web.servlet.mvc.method.annotation.RequestMappingHandlerMapping [restartedMain] Mapped "{[/FlightApi/edit/{id}/price/{price}],methods=[PUT]}" onto public org.springframework.http.ResponseEntity<com.bootspringrest.example.model.Flights> com.bootspringrest.example.controller.FlightController.updatePrice(java.lang.Long,int)
2020-06-16 22:31:42,855 [INFO] org.springframework.web.servlet.mvc.method.annotation.RequestMappingHandlerMapping [restartedMain] Mapped "{[/FlightApi/edit/{id}/arrapt/{airport}],methods=[PUT]}" onto public org.springframework.http.ResponseEntity<com.bootspringrest.example.model.Flights> com.bootspringrest.example.controller.FlightController.updatearrApt(java.lang.Long,java.lang.String)
2020-06-16 22:31:42,855 [INFO] org.springframework.web.servlet.mvc.method.annotation.RequestMappingHandlerMapping [restartedMain] Mapped "{[/FlightApi/flightInfo],methods=[GET]}" onto public java.util.List<com.bootspringrest.example.model.Flights> com.bootspringrest.example.controller.FlightController.getAllFlights()
2020-06-16 22:31:42,855 [INFO] org.springframework.web.servlet.mvc.method.annotation.RequestMappingHandlerMapping [restartedMain] Mapped "{[/FlightApi/flightInfo/airport/{type}],methods=[GET]}" onto public java.util.List<com.bootspringrest.example.model.Flights> com.bootspringrest.example.controller.FlightController.getFlightByType(java.lang.String)
2020-06-16 22:31:42,856 [INFO] org.springframework.web.servlet.mvc.method.annotation.RequestMappingHandlerMapping [restartedMain] Mapped "{[/FlightApi/edit/{id}/deptapt/{airport}],methods=[PUT]}" onto public org.springframework.http.ResponseEntity<com.bootspringrest.example.model.Flights> com.bootspringrest.example.controller.FlightController.updatedeptApt(java.lang.Long,java.lang.String)
2020-06-16 22:31:42,856 [INFO] org.springframework.web.servlet.mvc.method.annotation.RequestMappingHandlerMapping [restartedMain] Mapped "{[/FlightApi/addList],methods=[POST]}" onto public java.lang.String com.bootspringrest.example.controller.FlightController.createFlights(java.util.List<com.bootspringrest.example.model.Flights>)
2020-06-16 22:31:42,856 [INFO] org.springframework.web.servlet.mvc.method.annotation.RequestMappingHandlerMapping [restartedMain] Mapped "{[/FlightApi/edit/{id}/dept/{time}],methods=[PUT]}" onto public org.springframework.http.ResponseEntity<com.bootspringrest.example.model.Flights> com.bootspringrest.example.controller.FlightController.updatedeptTime(java.lang.Long,java.lang.String)
2020-06-16 22:31:42,856 [INFO] org.springframework.web.servlet.mvc.method.annotation.RequestMappingHandlerMapping [restartedMain] Mapped "{[/FlightApi/addFlight],methods=[POST]}" onto public com.bootspringrest.example.model.Flights com.bootspringrest.example.controller.FlightController.createFlight(com.bootspringrest.example.model.Flights)
2020-06-16 22:31:42,857 [INFO] org.springframework.web.servlet.mvc.method.annotation.RequestMappingHandlerMapping [restartedMain] Mapped "{[/error]}" onto public org.springframework.http.ResponseEntity<java.util.Map<java.lang.String, java.lang.Object>> org.springframework.boot.autoconfigure.web.BasicErrorController.error(javax.servlet.http.HttpServletRequest)
2020-06-16 22:31:42,857 [INFO] org.springframework.web.servlet.mvc.method.annotation.RequestMappingHandlerMapping [restartedMain] Mapped "{[/error],produces=[text/html]}" onto public org.springframework.web.servlet.ModelAndView org.springframework.boot.autoconfigure.web.BasicErrorController.errorHtml(javax.servlet.http.HttpServletRequest,javax.servlet.http.HttpServletResponse)
2020-06-16 22:31:42,864 [INFO] org.springframework.web.servlet.handler.SimpleUrlHandlerMapping [restartedMain] Mapped URL path [/webjars/**] onto handler of type [class org.springframework.web.servlet.resource.ResourceHttpRequestHandler]
2020-06-16 22:31:42,864 [INFO] org.springframework.web.servlet.handler.SimpleUrlHandlerMapping [restartedMain] Mapped URL path [/**] onto handler of type [class org.springframework.web.servlet.resource.ResourceHttpRequestHandler]
2020-06-16 22:31:42,873 [INFO] org.springframework.web.servlet.handler.SimpleUrlHandlerMapping [restartedMain] Mapped URL path [/**/favicon.ico] onto handler of type [class org.springframework.web.servlet.resource.ResourceHttpRequestHandler]
2020-06-16 22:31:42,880 [WARN] org.springframework.boot.autoconfigure.thymeleaf.AbstractTemplateResolverConfiguration [restartedMain] Cannot find template location: classpath:/templates/ (please add some templates or check your Thymeleaf configuration)
2020-06-16 22:31:42,918 [INFO] org.springframework.boot.devtools.autoconfigure.OptionalLiveReloadServer [restartedMain] LiveReload server is running on port 35729
2020-06-16 22:31:42,963 [INFO] org.springframework.jmx.export.annotation.AnnotationMBeanExporter [restartedMain] Registering beans for JMX exposure on startup
2020-06-16 22:31:42,977 [INFO] org.springframework.boot.context.embedded.tomcat.TomcatEmbeddedServletContainer [restartedMain] Tomcat started on port(s): 8081 (http)
2020-06-16 22:31:42,978 [INFO] com.bootspringrest.example.FlightApplication [restartedMain] Started FlightApplication in 1.219 seconds (JVM running for 37.159)
2020-06-16 22:31:46,004 [INFO] org.apache.catalina.core.ContainerBase.[Tomcat].[localhost].[/] [http-nio-8081-exec-2] Initializing Spring FrameworkServlet 'dispatcherServlet'
2020-06-16 22:31:46,004 [INFO] org.springframework.web.servlet.DispatcherServlet [http-nio-8081-exec-2] FrameworkServlet 'dispatcherServlet': initialization started
2020-06-16 22:31:46,006 [INFO] org.springframework.web.servlet.DispatcherServlet [http-nio-8081-exec-2] FrameworkServlet 'dispatcherServlet': initialization completed in 2 ms
2020-06-16 22:31:46,007 [INFO] com.bootspringrest.example.controller.FlightController [http-nio-8081-exec-2] Someone tried to access the list of all flights!
2020-06-16 22:32:53,782 [INFO] org.springframework.boot.context.embedded.AnnotationConfigEmbeddedWebApplicationContext [Thread-11] Closing org.springframework.boot.context.embedded.AnnotationConfigEmbeddedWebApplicationContext@6255e279: startup date [Tue Jun 16 22:31:41 IST 2020]; root of context hierarchy
2020-06-16 22:32:53,784 [INFO] org.springframework.jmx.export.annotation.AnnotationMBeanExporter [Thread-11] Unregistering JMX-exposed beans on shutdown
2020-06-16 22:32:53,785 [INFO] org.springframework.orm.jpa.LocalContainerEntityManagerFactoryBean [Thread-11] Closing JPA EntityManagerFactory for persistence unit 'default'
2020-06-16 22:32:54,162 [INFO] com.bootspringrest.example.FlightApplication [restartedMain] Starting FlightApplication on DESKTOP-RG42U6K with PID 15340 (C:\Users\pokas\workspace\SpringBoot-REST-API-master\target\classes started by pokas in C:\Users\pokas\workspace\SpringBoot-REST-API-master)
2020-06-16 22:32:54,163 [DEBUG] com.bootspringrest.example.FlightApplication [restartedMain] Running with Spring Boot v1.5.4.RELEASE, Spring v4.3.9.RELEASE
2020-06-16 22:32:54,163 [INFO] com.bootspringrest.example.FlightApplication [restartedMain] No active profile set, falling back to default profiles: default
2020-06-16 22:32:54,164 [INFO] org.springframework.boot.context.embedded.AnnotationConfigEmbeddedWebApplicationContext [restartedMain] Refreshing org.springframework.boot.context.embedded.AnnotationConfigEmbeddedWebApplicationContext@5da6d691: startup date [Tue Jun 16 22:32:54 IST 2020]; root of context hierarchy
2020-06-16 22:32:54,642 [INFO] org.springframework.boot.context.embedded.tomcat.TomcatEmbeddedServletContainer [restartedMain] Tomcat initialized with port(s): 8081 (http)
2020-06-16 22:32:54,642 [INFO] org.apache.catalina.core.StandardService [restartedMain] Starting service [Tomcat]
2020-06-16 22:32:54,642 [INFO] org.apache.catalina.core.StandardEngine [restartedMain] Starting Servlet Engine: Apache Tomcat/8.5.15
2020-06-16 22:32:54,657 [INFO] org.apache.catalina.core.ContainerBase.[Tomcat].[localhost].[/] [localhost-startStop-1] Initializing Spring embedded WebApplicationContext
2020-06-16 22:32:54,657 [INFO] org.springframework.web.context.ContextLoader [localhost-startStop-1] Root WebApplicationContext: initialization completed in 493 ms
2020-06-16 22:32:54,677 [INFO] org.springframework.boot.web.servlet.ServletRegistrationBean [localhost-startStop-1] Mapping servlet: 'dispatcherServlet' to [/]
2020-06-16 22:32:54,678 [INFO] org.springframework.boot.web.servlet.FilterRegistrationBean [localhost-startStop-1] Mapping filter: 'characterEncodingFilter' to: [/*]
2020-06-16 22:32:54,678 [INFO] org.springframework.boot.web.servlet.FilterRegistrationBean [localhost-startStop-1] Mapping filter: 'hiddenHttpMethodFilter' to: [/*]
2020-06-16 22:32:54,678 [INFO] org.springframework.boot.web.servlet.FilterRegistrationBean [localhost-startStop-1] Mapping filter: 'httpPutFormContentFilter' to: [/*]
2020-06-16 22:32:54,678 [INFO] org.springframework.boot.web.servlet.FilterRegistrationBean [localhost-startStop-1] Mapping filter: 'requestContextFilter' to: [/*]
2020-06-16 22:32:54,919 [INFO] org.springframework.orm.jpa.LocalContainerEntityManagerFactoryBean [restartedMain] Building JPA container EntityManagerFactory for persistence unit 'default'
2020-06-16 22:32:54,920 [INFO] org.hibernate.jpa.internal.util.LogHelper [restartedMain] HHH000204: Processing PersistenceUnitInfo [
	name: default
	...]
2020-06-16 22:32:54,928 [INFO] org.hibernate.dialect.Dialect [restartedMain] HHH000400: Using dialect: org.hibernate.dialect.MySQL5Dialect
2020-06-16 22:32:54,945 [INFO] org.springframework.orm.jpa.LocalContainerEntityManagerFactoryBean [restartedMain] Initialized JPA EntityManagerFactory for persistence unit 'default'
2020-06-16 22:32:54,977 [INFO] org.hibernate.hql.internal.QueryTranslatorFactoryInitiator [restartedMain] HHH000397: Using ASTQueryTranslatorFactory
2020-06-16 22:32:55,047 [INFO] org.springframework.web.servlet.mvc.method.annotation.RequestMappingHandlerAdapter [restartedMain] Looking for @ControllerAdvice: org.springframework.boot.context.embedded.AnnotationConfigEmbeddedWebApplicationContext@5da6d691: startup date [Tue Jun 16 22:32:54 IST 2020]; root of context hierarchy
2020-06-16 22:32:55,057 [INFO] org.springframework.web.servlet.mvc.method.annotation.RequestMappingHandlerMapping [restartedMain] Mapped "{[/FlightApi/flightInfo/arrival/{airport}],methods=[GET]}" onto public java.util.List<com.bootspringrest.example.model.Flights> com.bootspringrest.example.controller.FlightController.getFlightByArrApt(java.lang.String)
2020-06-16 22:32:55,057 [INFO] org.springframework.web.servlet.mvc.method.annotation.RequestMappingHandlerMapping [restartedMain] Mapped "{[/FlightApi/flightInfo/departure/{departure}/arrival/{arrival}],methods=[GET]}" onto public java.util.List<com.bootspringrest.example.model.Flights> com.bootspringrest.example.controller.FlightController.getFlightByEndpoints(java.lang.String,java.lang.String)
2020-06-16 22:32:55,058 [INFO] org.springframework.web.servlet.mvc.method.annotation.RequestMappingHandlerMapping [restartedMain] Mapped "{[/FlightApi/flightInfo/departure/{airport}],methods=[GET]}" onto public java.util.List<com.bootspringrest.example.model.Flights> com.bootspringrest.example.controller.FlightController.getFlightByDeptApt(java.lang.String)
2020-06-16 22:32:55,058 [INFO] org.springframework.web.servlet.mvc.method.annotation.RequestMappingHandlerMapping [restartedMain] Mapped "{[/FlightApi/flightInfo/{id}],methods=[GET]}" onto public org.springframework.http.ResponseEntity<com.bootspringrest.example.model.Flights> com.bootspringrest.example.controller.FlightController.getFlightsById(java.lang.Long)
2020-06-16 22:32:55,058 [INFO] org.springframework.web.servlet.mvc.method.annotation.RequestMappingHandlerMapping [restartedMain] Mapped "{[/FlightApi/edit/{id}/arr/{time}],methods=[PUT]}" onto public org.springframework.http.ResponseEntity<com.bootspringrest.example.model.Flights> com.bootspringrest.example.controller.FlightController.updatearrTime(java.lang.Long,java.lang.String)
2020-06-16 22:32:55,058 [INFO] org.springframework.web.servlet.mvc.method.annotation.RequestMappingHandlerMapping [restartedMain] Mapped "{[/FlightApi/delflight/byid/{id}],methods=[DELETE]}" onto public org.springframework.http.ResponseEntity<com.bootspringrest.example.model.Flights> com.bootspringrest.example.controller.FlightController.deleteFlight(java.lang.Long)
2020-06-16 22:32:55,058 [INFO] org.springframework.web.servlet.mvc.method.annotation.RequestMappingHandlerMapping [restartedMain] Mapped "{[/FlightApi/edit/{id}/price/{price}],methods=[PUT]}" onto public org.springframework.http.ResponseEntity<com.bootspringrest.example.model.Flights> com.bootspringrest.example.controller.FlightController.updatePrice(java.lang.Long,int)
2020-06-16 22:32:55,058 [INFO] org.springframework.web.servlet.mvc.method.annotation.RequestMappingHandlerMapping [restartedMain] Mapped "{[/FlightApi/edit/{id}/arrapt/{airport}],methods=[PUT]}" onto public org.springframework.http.ResponseEntity<com.bootspringrest.example.model.Flights> com.bootspringrest.example.controller.FlightController.updatearrApt(java.lang.Long,java.lang.String)
2020-06-16 22:32:55,058 [INFO] org.springframework.web.servlet.mvc.method.annotation.RequestMappingHandlerMapping [restartedMain] Mapped "{[/FlightApi/flightInfo],methods=[GET]}" onto public java.util.List<com.bootspringrest.example.model.Flights> com.bootspringrest.example.controller.FlightController.getAllFlights()
2020-06-16 22:32:55,058 [INFO] org.springframework.web.servlet.mvc.method.annotation.RequestMappingHandlerMapping [restartedMain] Mapped "{[/FlightApi/flightInfo/airport/{type}],methods=[GET]}" onto public java.util.List<com.bootspringrest.example.model.Flights> com.bootspringrest.example.controller.FlightController.getFlightByType(java.lang.String)
2020-06-16 22:32:55,058 [INFO] org.springframework.web.servlet.mvc.method.annotation.RequestMappingHandlerMapping [restartedMain] Mapped "{[/FlightApi/edit/{id}/deptapt/{airport}],methods=[PUT]}" onto public org.springframework.http.ResponseEntity<com.bootspringrest.example.model.Flights> com.bootspringrest.example.controller.FlightController.updatedeptApt(java.lang.Long,java.lang.String)
2020-06-16 22:32:55,059 [INFO] org.springframework.web.servlet.mvc.method.annotation.RequestMappingHandlerMapping [restartedMain] Mapped "{[/FlightApi/addList],methods=[POST]}" onto public java.lang.String com.bootspringrest.example.controller.FlightController.createFlights(java.util.List<com.bootspringrest.example.model.Flights>)
2020-06-16 22:32:55,059 [INFO] org.springframework.web.servlet.mvc.method.annotation.RequestMappingHandlerMapping [restartedMain] Mapped "{[/FlightApi/edit/{id}/dept/{time}],methods=[PUT]}" onto public org.springframework.http.ResponseEntity<com.bootspringrest.example.model.Flights> com.bootspringrest.example.controller.FlightController.updatedeptTime(java.lang.Long,java.lang.String)
2020-06-16 22:32:55,059 [INFO] org.springframework.web.servlet.mvc.method.annotation.RequestMappingHandlerMapping [restartedMain] Mapped "{[/FlightApi/addFlight],methods=[POST]}" onto public com.bootspringrest.example.model.Flights com.bootspringrest.example.controller.FlightController.createFlight(com.bootspringrest.example.model.Flights)
2020-06-16 22:32:55,060 [INFO] org.springframework.web.servlet.mvc.method.annotation.RequestMappingHandlerMapping [restartedMain] Mapped "{[/error]}" onto public org.springframework.http.ResponseEntity<java.util.Map<java.lang.String, java.lang.Object>> org.springframework.boot.autoconfigure.web.BasicErrorController.error(javax.servlet.http.HttpServletRequest)
2020-06-16 22:32:55,060 [INFO] org.springframework.web.servlet.mvc.method.annotation.RequestMappingHandlerMapping [restartedMain] Mapped "{[/error],produces=[text/html]}" onto public org.springframework.web.servlet.ModelAndView org.springframework.boot.autoconfigure.web.BasicErrorController.errorHtml(javax.servlet.http.HttpServletRequest,javax.servlet.http.HttpServletResponse)
2020-06-16 22:32:55,063 [INFO] org.springframework.web.servlet.handler.SimpleUrlHandlerMapping [restartedMain] Mapped URL path [/webjars/**] onto handler of type [class org.springframework.web.servlet.resource.ResourceHttpRequestHandler]
2020-06-16 22:32:55,064 [INFO] org.springframework.web.servlet.handler.SimpleUrlHandlerMapping [restartedMain] Mapped URL path [/**] onto handler of type [class org.springframework.web.servlet.resource.ResourceHttpRequestHandler]
2020-06-16 22:32:55,072 [INFO] org.springframework.web.servlet.handler.SimpleUrlHandlerMapping [restartedMain] Mapped URL path [/**/favicon.ico] onto handler of type [class org.springframework.web.servlet.resource.ResourceHttpRequestHandler]
2020-06-16 22:32:55,083 [WARN] org.springframework.boot.autoconfigure.thymeleaf.AbstractTemplateResolverConfiguration [restartedMain] Cannot find template location: classpath:/templates/ (please add some templates or check your Thymeleaf configuration)
2020-06-16 22:32:55,112 [INFO] org.springframework.boot.devtools.autoconfigure.OptionalLiveReloadServer [restartedMain] LiveReload server is running on port 35729
2020-06-16 22:32:55,136 [INFO] org.springframework.jmx.export.annotation.AnnotationMBeanExporter [restartedMain] Registering beans for JMX exposure on startup
2020-06-16 22:32:55,147 [INFO] org.springframework.boot.context.embedded.tomcat.TomcatEmbeddedServletContainer [restartedMain] Tomcat started on port(s): 8081 (http)
2020-06-16 22:32:55,149 [INFO] com.bootspringrest.example.FlightApplication [restartedMain] Started FlightApplication in 1.017 seconds (JVM running for 109.33)
2020-06-16 22:33:04,922 [INFO] org.apache.catalina.core.ContainerBase.[Tomcat].[localhost].[/] [http-nio-8081-exec-2] Initializing Spring FrameworkServlet 'dispatcherServlet'
2020-06-16 22:33:04,922 [INFO] org.springframework.web.servlet.DispatcherServlet [http-nio-8081-exec-2] FrameworkServlet 'dispatcherServlet': initialization started
2020-06-16 22:33:04,924 [INFO] org.springframework.web.servlet.DispatcherServlet [http-nio-8081-exec-2] FrameworkServlet 'dispatcherServlet': initialization completed in 1 ms
2020-06-16 22:33:04,925 [INFO] com.bootspringrest.example.controller.FlightController [http-nio-8081-exec-2] Someone tried to access the list of all flights!
2020-06-16 22:35:50,595 [INFO] org.springframework.boot.context.embedded.AnnotationConfigEmbeddedWebApplicationContext [Thread-18] Closing org.springframework.boot.context.embedded.AnnotationConfigEmbeddedWebApplicationContext@5da6d691: startup date [Tue Jun 16 22:32:54 IST 2020]; root of context hierarchy
2020-06-16 22:35:50,596 [INFO] org.springframework.jmx.export.annotation.AnnotationMBeanExporter [Thread-18] Unregistering JMX-exposed beans on shutdown
2020-06-16 22:35:50,596 [INFO] org.springframework.orm.jpa.LocalContainerEntityManagerFactoryBean [Thread-18] Closing JPA EntityManagerFactory for persistence unit 'default'
